<?xml version="1.0" encoding="UTF-8"?>
<coverage generated="1595610904071" clover="3.2.0">
  <project timestamp="1595610904071" name="All files">
    <metrics statements="17" coveredstatements="12" conditionals="0" coveredconditionals="0" methods="6" coveredmethods="1" elements="23" coveredelements="13" complexity="0" loc="17" ncloc="17" packages="2" files="4" classes="4"/>
    <package name="components">
      <metrics statements="10" coveredstatements="5" conditionals="0" coveredconditionals="0" methods="6" coveredmethods="1"/>
      <file name="ViewListProdCmp.js" path="D:\Java\Brain\my-app\src\components\ViewListProdCmp.js">
        <metrics statements="10" coveredstatements="5" conditionals="0" coveredconditionals="0" methods="6" coveredmethods="1"/>
        <line num="7" count="1" type="stmt"/>
        <line num="10" count="0" type="stmt"/>
        <line num="24" count="1" type="stmt"/>
        <line num="26" count="2" type="stmt"/>
        <line num="29" count="2" type="stmt"/>
        <line num="35" count="0" type="stmt"/>
        <line num="36" count="0" type="stmt"/>
        <line num="39" count="0" type="stmt"/>
        <line num="40" count="0" type="stmt"/>
        <line num="52" count="1" type="stmt"/>
      </file>
    </package>
    <package name="constants">
      <metrics statements="7" coveredstatements="7" conditionals="0" coveredconditionals="0" methods="0" coveredmethods="0"/>
      <file name="otherConst.js" path="D:\Java\Brain\my-app\src\constants\otherConst.js">
        <metrics statements="2" coveredstatements="2" conditionals="0" coveredconditionals="0" methods="0" coveredmethods="0"/>
        <line num="7" count="1" type="stmt"/>
        <line num="8" count="1" type="stmt"/>
      </file>
      <file name="productsConst.js" path="D:\Java\Brain\my-app\src\constants\productsConst.js">
        <metrics statements="4" coveredstatements="4" conditionals="0" coveredconditionals="0" methods="0" coveredmethods="0"/>
        <line num="6" count="1" type="stmt"/>
        <line num="9" count="1" type="stmt"/>
        <line num="19" count="1" type="stmt"/>
        <line num="22" count="1" type="stmt"/>
      </file>
      <file name="productsJSON.js" path="D:\Java\Brain\my-app\src\constants\productsJSON.js">
        <metrics statements="1" coveredstatements="1" conditionals="0" coveredconditionals="0" methods="0" coveredmethods="0"/>
        <line num="10" count="1" type="stmt"/>
      </file>
    </package>
  </project>
</coverage>
