<?xml version="1.0" encoding="UTF-8"?>
<coverage generated="1617888458544" clover="3.2.0">
  <project timestamp="1617888458544" name="All files">
    <metrics statements="26" coveredstatements="24" conditionals="14" coveredconditionals="10" methods="6" coveredmethods="6" elements="46" coveredelements="40" complexity="0" loc="26" ncloc="26" packages="1" files="1" classes="1"/>
    <file name="filter.js" path="D:\Java\Brain\src\api\filter\filter.js">
      <metrics statements="26" coveredstatements="24" conditionals="14" coveredconditionals="10" methods="6" coveredmethods="6"/>
      <line num="3" count="1" type="stmt"/>
      <line num="5" count="2" type="stmt"/>
      <line num="6" count="2" type="stmt"/>
      <line num="7" count="2" type="cond" truecount="2" falsecount="0"/>
      <line num="8" count="2" type="stmt"/>
      <line num="13" count="1" type="stmt"/>
      <line num="14" count="2" type="cond" truecount="2" falsecount="0"/>
      <line num="15" count="2" type="stmt"/>
      <line num="20" count="1" type="stmt"/>
      <line num="22" count="2" type="stmt"/>
      <line num="23" count="2" type="stmt"/>
      <line num="25" count="2" type="cond" truecount="1" falsecount="1"/>
      <line num="27" count="2" type="cond" truecount="2" falsecount="0"/>
      <line num="28" count="2" type="stmt"/>
      <line num="35" count="1" type="stmt"/>
      <line num="36" count="4" type="stmt"/>
      <line num="37" count="4" type="cond" truecount="1" falsecount="1"/>
      <line num="38" count="0" type="cond" truecount="0" falsecount="2"/>
      <line num="39" count="0" type="stmt"/>
      <line num="40" count="4" type="stmt"/>
      <line num="46" count="1" type="stmt"/>
      <line num="48" count="4" type="cond" truecount="2" falsecount="0"/>
      <line num="50" count="2" type="stmt"/>
      <line num="55" count="1" type="stmt"/>
      <line num="56" count="4" type="stmt"/>
      <line num="57" count="4" type="stmt"/>
    </file>
  </project>
</coverage>
