{"E:\\Java\\Brain\\src\\api\\argMiddle.js": {"path":"E:\\Java\\Brain\\src\\api\\argMiddle.js","statementMap":{"0":{"start":{"line":2,"column":23},"end":{"line":7,"column":19}}},"fnMap":{},"branchMap":{},"s":{"0":6},"f":{},"b":{},"_coverageSchema":"1a1c01bbd47fc00a2c39e90264f33305004495a9","hash":"7c77e459e044fafd614edbc62dc51604f3eb23ad"}
,"E:\\Java\\Brain\\src\\api\\category\\catView.js": {"path":"E:\\Java\\Brain\\src\\api\\category\\catView.js","statementMap":{"0":{"start":{"line":7,"column":35},"end":{"line":11,"column":1}},"1":{"start":{"line":9,"column":30},"end":{"line":9,"column":82}},"2":{"start":{"line":10,"column":4},"end":{"line":10,"column":31}},"3":{"start":{"line":16,"column":31},"end":{"line":23,"column":1}},"4":{"start":{"line":17,"column":25},"end":{"line":17,"column":27}},"5":{"start":{"line":18,"column":4},"end":{"line":20,"column":22}},"6":{"start":{"line":18,"column":43},"end":{"line":18,"column":107}},"7":{"start":{"line":19,"column":9},"end":{"line":20,"column":22}},"8":{"start":{"line":19,"column":36},"end":{"line":19,"column":101}},"9":{"start":{"line":20,"column":9},"end":{"line":20,"column":22}},"10":{"start":{"line":22,"column":4},"end":{"line":22,"column":26}},"11":{"start":{"line":28,"column":29},"end":{"line":35,"column":1}},"12":{"start":{"line":30,"column":31},"end":{"line":30,"column":99}},"13":{"start":{"line":30,"column":59},"end":{"line":30,"column":98}},"14":{"start":{"line":32,"column":4},"end":{"line":32,"column":107}},"15":{"start":{"line":32,"column":55},"end":{"line":32,"column":105}},"16":{"start":{"line":33,"column":4},"end":{"line":33,"column":117}},"17":{"start":{"line":33,"column":48},"end":{"line":33,"column":117}},"18":{"start":{"line":34,"column":4},"end":{"line":34,"column":32}},"19":{"start":{"line":40,"column":29},"end":{"line":45,"column":1}},"20":{"start":{"line":42,"column":31},"end":{"line":42,"column":90}},"21":{"start":{"line":43,"column":4},"end":{"line":43,"column":73}},"22":{"start":{"line":44,"column":4},"end":{"line":44,"column":32}},"23":{"start":{"line":50,"column":31},"end":{"line":53,"column":1}},"24":{"start":{"line":51,"column":25},"end":{"line":51,"column":82}},"25":{"start":{"line":51,"column":53},"end":{"line":51,"column":81}},"26":{"start":{"line":52,"column":4},"end":{"line":52,"column":26}},"27":{"start":{"line":57,"column":32},"end":{"line":64,"column":1}},"28":{"start":{"line":58,"column":4},"end":{"line":58,"column":57}},"29":{"start":{"line":59,"column":4},"end":{"line":59,"column":39}},"30":{"start":{"line":60,"column":4},"end":{"line":60,"column":43}},"31":{"start":{"line":61,"column":4},"end":{"line":61,"column":45}},"32":{"start":{"line":62,"column":4},"end":{"line":62,"column":73}},"33":{"start":{"line":63,"column":4},"end":{"line":63,"column":28}}},"fnMap":{"0":{"name":"(anonymous_0)","decl":{"start":{"line":7,"column":35},"end":{"line":7,"column":36}},"loc":{"start":{"line":7,"column":53},"end":{"line":11,"column":1}},"line":7},"1":{"name":"(anonymous_1)","decl":{"start":{"line":16,"column":31},"end":{"line":16,"column":32}},"loc":{"start":{"line":16,"column":61},"end":{"line":23,"column":1}},"line":16},"2":{"name":"(anonymous_2)","decl":{"start":{"line":28,"column":29},"end":{"line":28,"column":30}},"loc":{"start":{"line":28,"column":59},"end":{"line":35,"column":1}},"line":28},"3":{"name":"(anonymous_3)","decl":{"start":{"line":30,"column":51},"end":{"line":30,"column":52}},"loc":{"start":{"line":30,"column":59},"end":{"line":30,"column":98}},"line":30},"4":{"name":"(anonymous_4)","decl":{"start":{"line":32,"column":47},"end":{"line":32,"column":48}},"loc":{"start":{"line":32,"column":55},"end":{"line":32,"column":105}},"line":32},"5":{"name":"(anonymous_5)","decl":{"start":{"line":40,"column":29},"end":{"line":40,"column":30}},"loc":{"start":{"line":40,"column":59},"end":{"line":45,"column":1}},"line":40},"6":{"name":"(anonymous_6)","decl":{"start":{"line":50,"column":31},"end":{"line":50,"column":32}},"loc":{"start":{"line":50,"column":61},"end":{"line":53,"column":1}},"line":50},"7":{"name":"(anonymous_7)","decl":{"start":{"line":51,"column":45},"end":{"line":51,"column":46}},"loc":{"start":{"line":51,"column":53},"end":{"line":51,"column":81}},"line":51},"8":{"name":"(anonymous_8)","decl":{"start":{"line":57,"column":32},"end":{"line":57,"column":33}},"loc":{"start":{"line":57,"column":54},"end":{"line":64,"column":1}},"line":57}},"branchMap":{"0":{"loc":{"start":{"line":18,"column":4},"end":{"line":20,"column":22}},"type":"if","locations":[{"start":{"line":18,"column":4},"end":{"line":20,"column":22}},{"start":{"line":18,"column":4},"end":{"line":20,"column":22}}],"line":18},"1":{"loc":{"start":{"line":19,"column":9},"end":{"line":20,"column":22}},"type":"if","locations":[{"start":{"line":19,"column":9},"end":{"line":20,"column":22}},{"start":{"line":19,"column":9},"end":{"line":20,"column":22}}],"line":19},"2":{"loc":{"start":{"line":33,"column":4},"end":{"line":33,"column":117}},"type":"if","locations":[{"start":{"line":33,"column":4},"end":{"line":33,"column":117}},{"start":{"line":33,"column":4},"end":{"line":33,"column":117}}],"line":33}},"s":{"0":1,"1":1,"2":1,"3":1,"4":4,"5":4,"6":2,"7":2,"8":1,"9":1,"10":3,"11":1,"12":2,"13":6,"14":2,"15":6,"16":2,"17":1,"18":2,"19":1,"20":1,"21":1,"22":1,"23":1,"24":2,"25":6,"26":2,"27":1,"28":2,"29":2,"30":2,"31":2,"32":2,"33":2},"f":{"0":1,"1":4,"2":2,"3":6,"4":6,"5":1,"6":2,"7":6,"8":2},"b":{"0":[2,2],"1":[1,1],"2":[1,1]},"_coverageSchema":"1a1c01bbd47fc00a2c39e90264f33305004495a9","hash":"dc85cf7a6c25dcd55e1b7565c98c87a39235c85e"}
,"E:\\Java\\Brain\\src\\api\\category\\category.js": {"path":"E:\\Java\\Brain\\src\\api\\category\\category.js","statementMap":{"0":{"start":{"line":10,"column":31},"end":{"line":25,"column":1}},"1":{"start":{"line":11,"column":4},"end":{"line":11,"column":44}},"2":{"start":{"line":12,"column":4},"end":{"line":12,"column":38}},"3":{"start":{"line":13,"column":4},"end":{"line":13,"column":33}},"4":{"start":{"line":16,"column":15},"end":{"line":16,"column":47}},"5":{"start":{"line":18,"column":4},"end":{"line":18,"column":34}},"6":{"start":{"line":19,"column":4},"end":{"line":19,"column":38}},"7":{"start":{"line":24,"column":4},"end":{"line":24,"column":16}},"8":{"start":{"line":29,"column":30},"end":{"line":38,"column":1}},"9":{"start":{"line":30,"column":4},"end":{"line":37,"column":6}},"10":{"start":{"line":31,"column":20},"end":{"line":31,"column":40}},"11":{"start":{"line":31,"column":50},"end":{"line":31,"column":70}},"12":{"start":{"line":32,"column":8},"end":{"line":33,"column":22}},"13":{"start":{"line":33,"column":12},"end":{"line":33,"column":22}},"14":{"start":{"line":34,"column":8},"end":{"line":35,"column":21}},"15":{"start":{"line":35,"column":12},"end":{"line":35,"column":21}},"16":{"start":{"line":36,"column":8},"end":{"line":36,"column":17}},"17":{"start":{"line":43,"column":32},"end":{"line":64,"column":1}},"18":{"start":{"line":44,"column":26},"end":{"line":44,"column":28}},"19":{"start":{"line":45,"column":19},"end":{"line":49,"column":5}},"20":{"start":{"line":54,"column":4},"end":{"line":60,"column":6}},"21":{"start":{"line":55,"column":8},"end":{"line":55,"column":46}},"22":{"start":{"line":56,"column":8},"end":{"line":56,"column":42}},"23":{"start":{"line":57,"column":8},"end":{"line":57,"column":40}},"24":{"start":{"line":58,"column":8},"end":{"line":58,"column":34}},"25":{"start":{"line":59,"column":8},"end":{"line":59,"column":49}},"26":{"start":{"line":63,"column":4},"end":{"line":63,"column":27}}},"fnMap":{"0":{"name":"(anonymous_0)","decl":{"start":{"line":10,"column":31},"end":{"line":10,"column":32}},"loc":{"start":{"line":10,"column":63},"end":{"line":25,"column":1}},"line":10},"1":{"name":"(anonymous_1)","decl":{"start":{"line":29,"column":30},"end":{"line":29,"column":31}},"loc":{"start":{"line":29,"column":40},"end":{"line":38,"column":1}},"line":29},"2":{"name":"(anonymous_2)","decl":{"start":{"line":30,"column":28},"end":{"line":30,"column":29}},"loc":{"start":{"line":30,"column":38},"end":{"line":37,"column":5}},"line":30},"3":{"name":"(anonymous_3)","decl":{"start":{"line":43,"column":32},"end":{"line":43,"column":33}},"loc":{"start":{"line":43,"column":50},"end":{"line":64,"column":1}},"line":43},"4":{"name":"(anonymous_4)","decl":{"start":{"line":54,"column":25},"end":{"line":54,"column":26}},"loc":{"start":{"line":54,"column":55},"end":{"line":60,"column":5}},"line":54}},"branchMap":{"0":{"loc":{"start":{"line":32,"column":8},"end":{"line":33,"column":22}},"type":"if","locations":[{"start":{"line":32,"column":8},"end":{"line":33,"column":22}},{"start":{"line":32,"column":8},"end":{"line":33,"column":22}}],"line":32},"1":{"loc":{"start":{"line":34,"column":8},"end":{"line":35,"column":21}},"type":"if","locations":[{"start":{"line":34,"column":8},"end":{"line":35,"column":21}},{"start":{"line":34,"column":8},"end":{"line":35,"column":21}}],"line":34}},"s":{"0":1,"1":1,"2":1,"3":1,"4":1,"5":1,"6":1,"7":1,"8":1,"9":2,"10":8,"11":8,"12":8,"13":2,"14":6,"15":5,"16":1,"17":1,"18":1,"19":1,"20":1,"21":3,"22":3,"23":3,"24":3,"25":3,"26":1},"f":{"0":1,"1":2,"2":8,"3":1,"4":3},"b":{"0":[2,6],"1":[5,1]},"_coverageSchema":"1a1c01bbd47fc00a2c39e90264f33305004495a9","hash":"a044782edaec9a5c87e584049ec62c95bffd499f"}
,"E:\\Java\\Brain\\src\\api\\category\\symbChildren.js": {"path":"E:\\Java\\Brain\\src\\api\\category\\symbChildren.js","statementMap":{"0":{"start":{"line":10,"column":34},"end":{"line":17,"column":1}},"1":{"start":{"line":11,"column":4},"end":{"line":15,"column":5}},"2":{"start":{"line":12,"column":8},"end":{"line":14,"column":10}},"3":{"start":{"line":13,"column":12},"end":{"line":13,"column":80}},"4":{"start":{"line":16,"column":4},"end":{"line":16,"column":24}},"5":{"start":{"line":23,"column":16},"end":{"line":26,"column":1}},"6":{"start":{"line":24,"column":18},"end":{"line":24,"column":68}},"7":{"start":{"line":24,"column":39},"end":{"line":24,"column":67}},"8":{"start":{"line":25,"column":4},"end":{"line":25,"column":19}},"9":{"start":{"line":31,"column":27},"end":{"line":35,"column":1}},"10":{"start":{"line":32,"column":18},"end":{"line":32,"column":78}},"11":{"start":{"line":32,"column":46},"end":{"line":32,"column":77}},"12":{"start":{"line":33,"column":4},"end":{"line":34,"column":22}},"13":{"start":{"line":33,"column":28},"end":{"line":33,"column":39}},"14":{"start":{"line":34,"column":9},"end":{"line":34,"column":22}}},"fnMap":{"0":{"name":"(anonymous_0)","decl":{"start":{"line":10,"column":34},"end":{"line":10,"column":35}},"loc":{"start":{"line":10,"column":52},"end":{"line":17,"column":1}},"line":10},"1":{"name":"(anonymous_1)","decl":{"start":{"line":12,"column":29},"end":{"line":12,"column":30}},"loc":{"start":{"line":12,"column":59},"end":{"line":14,"column":9}},"line":12},"2":{"name":"(anonymous_2)","decl":{"start":{"line":23,"column":16},"end":{"line":23,"column":17}},"loc":{"start":{"line":23,"column":29},"end":{"line":26,"column":1}},"line":23},"3":{"name":"(anonymous_3)","decl":{"start":{"line":24,"column":31},"end":{"line":24,"column":32}},"loc":{"start":{"line":24,"column":39},"end":{"line":24,"column":67}},"line":24},"4":{"name":"(anonymous_4)","decl":{"start":{"line":31,"column":27},"end":{"line":31,"column":28}},"loc":{"start":{"line":31,"column":60},"end":{"line":35,"column":1}},"line":31},"5":{"name":"(anonymous_5)","decl":{"start":{"line":32,"column":38},"end":{"line":32,"column":39}},"loc":{"start":{"line":32,"column":46},"end":{"line":32,"column":77}},"line":32}},"branchMap":{"0":{"loc":{"start":{"line":11,"column":4},"end":{"line":15,"column":5}},"type":"if","locations":[{"start":{"line":11,"column":4},"end":{"line":15,"column":5}},{"start":{"line":11,"column":4},"end":{"line":15,"column":5}}],"line":11},"1":{"loc":{"start":{"line":33,"column":4},"end":{"line":34,"column":22}},"type":"if","locations":[{"start":{"line":33,"column":4},"end":{"line":34,"column":22}},{"start":{"line":33,"column":4},"end":{"line":34,"column":22}}],"line":33}},"s":{"0":1,"1":2,"2":1,"3":3,"4":2,"5":1,"6":2,"7":4,"8":2,"9":1,"10":3,"11":9,"12":3,"13":1,"14":2},"f":{"0":2,"1":3,"2":2,"3":4,"4":3,"5":9},"b":{"0":[1,1],"1":[1,2]},"_coverageSchema":"1a1c01bbd47fc00a2c39e90264f33305004495a9","hash":"9f16f2719822cfbe39479441a015bc88cf540481"}
,"E:\\Java\\Brain\\src\\api\\fetch\\fetchData.js": {"path":"E:\\Java\\Brain\\src\\api\\fetch\\fetchData.js","statementMap":{"0":{"start":{"line":10,"column":15},"end":{"line":10,"column":17}},"1":{"start":{"line":11,"column":4},"end":{"line":32,"column":5}},"2":{"start":{"line":12,"column":23},"end":{"line":12,"column":27}},"3":{"start":{"line":17,"column":8},"end":{"line":18,"column":78}},"4":{"start":{"line":17,"column":36},"end":{"line":17,"column":85}},"5":{"start":{"line":18,"column":13},"end":{"line":18,"column":78}},"6":{"start":{"line":21,"column":8},"end":{"line":21,"column":49}},"7":{"start":{"line":22,"column":8},"end":{"line":22,"column":37}},"8":{"start":{"line":26,"column":8},"end":{"line":26,"column":20}},"9":{"start":{"line":31,"column":8},"end":{"line":31,"column":21}},"10":{"start":{"line":39,"column":22},"end":{"line":45,"column":1}},"11":{"start":{"line":41,"column":4},"end":{"line":43,"column":38}},"12":{"start":{"line":41,"column":28},"end":{"line":41,"column":57}},"13":{"start":{"line":43,"column":9},"end":{"line":43,"column":38}},"14":{"start":{"line":44,"column":4},"end":{"line":44,"column":20}}},"fnMap":{"0":{"name":"fetchData","decl":{"start":{"line":9,"column":22},"end":{"line":9,"column":31}},"loc":{"start":{"line":9,"column":64},"end":{"line":33,"column":1}},"line":9},"1":{"name":"(anonymous_1)","decl":{"start":{"line":39,"column":22},"end":{"line":39,"column":23}},"loc":{"start":{"line":39,"column":36},"end":{"line":45,"column":1}},"line":39}},"branchMap":{"0":{"loc":{"start":{"line":9,"column":44},"end":{"line":9,"column":62}},"type":"default-arg","locations":[{"start":{"line":9,"column":58},"end":{"line":9,"column":62}}],"line":9},"1":{"loc":{"start":{"line":17,"column":8},"end":{"line":18,"column":78}},"type":"if","locations":[{"start":{"line":17,"column":8},"end":{"line":18,"column":78}},{"start":{"line":17,"column":8},"end":{"line":18,"column":78}}],"line":17},"2":{"loc":{"start":{"line":41,"column":4},"end":{"line":43,"column":38}},"type":"if","locations":[{"start":{"line":41,"column":4},"end":{"line":43,"column":38}},{"start":{"line":41,"column":4},"end":{"line":43,"column":38}}],"line":41}},"s":{"0":12,"1":12,"2":12,"3":12,"4":5,"5":7,"6":12,"7":11,"8":10,"9":2,"10":7,"11":12,"12":8,"13":3,"14":11},"f":{"0":12,"1":12},"b":{"0":[2],"1":[5,7],"2":[8,3]},"_coverageSchema":"1a1c01bbd47fc00a2c39e90264f33305004495a9","hash":"24645975ac7da470ef562297f785054c96485447"}
,"E:\\Java\\Brain\\src\\api\\fetch\\middleWareFetch.js": {"path":"E:\\Java\\Brain\\src\\api\\fetch\\middleWareFetch.js","statementMap":{"0":{"start":{"line":14,"column":31},"end":{"line":39,"column":1}},"1":{"start":{"line":18,"column":19},"end":{"line":18,"column":33}},"2":{"start":{"line":19,"column":17},"end":{"line":19,"column":29}},"3":{"start":{"line":22,"column":4},"end":{"line":33,"column":5}},"4":{"start":{"line":22,"column":21},"end":{"line":22,"column":22}},"5":{"start":{"line":24,"column":8},"end":{"line":24,"column":96}},"6":{"start":{"line":25,"column":8},"end":{"line":25,"column":49}},"7":{"start":{"line":29,"column":8},"end":{"line":31,"column":24}},"8":{"start":{"line":30,"column":12},"end":{"line":30,"column":50}},"9":{"start":{"line":31,"column":14},"end":{"line":31,"column":24}},"10":{"start":{"line":34,"column":4},"end":{"line":34,"column":67}},"11":{"start":{"line":38,"column":4},"end":{"line":38,"column":30}},"12":{"start":{"line":47,"column":25},"end":{"line":47,"column":34}},"13":{"start":{"line":48,"column":19},"end":{"line":48,"column":33}},"14":{"start":{"line":49,"column":4},"end":{"line":57,"column":5}},"15":{"start":{"line":50,"column":25},"end":{"line":50,"column":90}},"16":{"start":{"line":54,"column":8},"end":{"line":54,"column":72}},"17":{"start":{"line":60,"column":4},"end":{"line":60,"column":26}}},"fnMap":{"0":{"name":"(anonymous_0)","decl":{"start":{"line":14,"column":31},"end":{"line":14,"column":32}},"loc":{"start":{"line":14,"column":46},"end":{"line":39,"column":1}},"line":14},"1":{"name":"getStatusResponse","decl":{"start":{"line":43,"column":16},"end":{"line":43,"column":33}},"loc":{"start":{"line":43,"column":40},"end":{"line":61,"column":1}},"line":43}},"branchMap":{"0":{"loc":{"start":{"line":29,"column":8},"end":{"line":31,"column":24}},"type":"if","locations":[{"start":{"line":29,"column":8},"end":{"line":31,"column":24}},{"start":{"line":29,"column":8},"end":{"line":31,"column":24}}],"line":29},"1":{"loc":{"start":{"line":29,"column":12},"end":{"line":29,"column":106}},"type":"binary-expr","locations":[{"start":{"line":29,"column":12},"end":{"line":29,"column":52}},{"start":{"line":29,"column":56},"end":{"line":29,"column":75}},{"start":{"line":29,"column":79},"end":{"line":29,"column":106}}],"line":29},"2":{"loc":{"start":{"line":49,"column":4},"end":{"line":57,"column":5}},"type":"if","locations":[{"start":{"line":49,"column":4},"end":{"line":57,"column":5}},{"start":{"line":49,"column":4},"end":{"line":57,"column":5}}],"line":49},"3":{"loc":{"start":{"line":49,"column":8},"end":{"line":49,"column":61}},"type":"binary-expr","locations":[{"start":{"line":49,"column":8},"end":{"line":49,"column":36}},{"start":{"line":49,"column":41},"end":{"line":49,"column":60}}],"line":49}},"s":{"0":6,"1":5,"2":5,"3":5,"4":5,"5":6,"6":6,"7":6,"8":2,"9":4,"10":5,"11":5,"12":9,"13":9,"14":9,"15":5,"16":5,"17":9},"f":{"0":5,"1":9},"b":{"0":[2,4],"1":[6,4,4],"2":[5,4],"3":[9,4]},"_coverageSchema":"1a1c01bbd47fc00a2c39e90264f33305004495a9","hash":"513639781f09ed371381093b16b29a0e02a46afd"}
,"E:\\Java\\Brain\\src\\api\\filter\\filter.js": {"path":"E:\\Java\\Brain\\src\\api\\filter\\filter.js","statementMap":{"0":{"start":{"line":3,"column":31},"end":{"line":10,"column":1}},"1":{"start":{"line":5,"column":4},"end":{"line":5,"column":51}},"2":{"start":{"line":6,"column":4},"end":{"line":6,"column":38}},"3":{"start":{"line":7,"column":4},"end":{"line":7,"column":45}},"4":{"start":{"line":8,"column":4},"end":{"line":8,"column":17}},"5":{"start":{"line":13,"column":33},"end":{"line":15,"column":1}},"6":{"start":{"line":14,"column":4},"end":{"line":14,"column":59}},"7":{"start":{"line":14,"column":18},"end":{"line":14,"column":34}},"8":{"start":{"line":14,"column":42},"end":{"line":14,"column":58}},"9":{"start":{"line":18,"column":32},"end":{"line":27,"column":1}},"10":{"start":{"line":20,"column":4},"end":{"line":20,"column":50}},"11":{"start":{"line":21,"column":4},"end":{"line":21,"column":37}},"12":{"start":{"line":23,"column":4},"end":{"line":23,"column":30}},"13":{"start":{"line":25,"column":4},"end":{"line":25,"column":45}},"14":{"start":{"line":26,"column":4},"end":{"line":26,"column":17}},"15":{"start":{"line":33,"column":20},"end":{"line":39,"column":1}},"16":{"start":{"line":34,"column":22},"end":{"line":34,"column":38}},"17":{"start":{"line":35,"column":4},"end":{"line":37,"column":51}},"18":{"start":{"line":35,"column":28},"end":{"line":35,"column":64}},"19":{"start":{"line":36,"column":9},"end":{"line":37,"column":51}},"20":{"start":{"line":36,"column":33},"end":{"line":36,"column":70}},"21":{"start":{"line":37,"column":11},"end":{"line":37,"column":49}},"22":{"start":{"line":38,"column":4},"end":{"line":38,"column":17}},"23":{"start":{"line":46,"column":20},"end":{"line":52,"column":1}},"24":{"start":{"line":48,"column":4},"end":{"line":50,"column":48}},"25":{"start":{"line":48,"column":14},"end":{"line":48,"column":52}},"26":{"start":{"line":50,"column":9},"end":{"line":50,"column":48}},"27":{"start":{"line":55,"column":18},"end":{"line":58,"column":1}},"28":{"start":{"line":56,"column":4},"end":{"line":56,"column":19}},"29":{"start":{"line":57,"column":4},"end":{"line":57,"column":22}},"30":{"start":{"line":63,"column":35},"end":{"line":79,"column":1}},"31":{"start":{"line":65,"column":4},"end":{"line":65,"column":79}},"32":{"start":{"line":65,"column":30},"end":{"line":65,"column":79}},"33":{"start":{"line":67,"column":25},"end":{"line":67,"column":54}},"34":{"start":{"line":68,"column":25},"end":{"line":68,"column":54}},"35":{"start":{"line":69,"column":14},"end":{"line":69,"column":15}},"36":{"start":{"line":71,"column":4},"end":{"line":75,"column":7}},"37":{"start":{"line":72,"column":8},"end":{"line":72,"column":40}},"38":{"start":{"line":73,"column":8},"end":{"line":73,"column":55}},"39":{"start":{"line":73,"column":34},"end":{"line":73,"column":55}},"40":{"start":{"line":74,"column":8},"end":{"line":74,"column":69}},"41":{"start":{"line":74,"column":48},"end":{"line":74,"column":69}},"42":{"start":{"line":76,"column":4},"end":{"line":76,"column":59}},"43":{"start":{"line":77,"column":4},"end":{"line":77,"column":58}},"44":{"start":{"line":78,"column":4},"end":{"line":78,"column":48}},"45":{"start":{"line":85,"column":35},"end":{"line":93,"column":1}},"46":{"start":{"line":86,"column":23},"end":{"line":86,"column":25}},"47":{"start":{"line":87,"column":4},"end":{"line":91,"column":7}},"48":{"start":{"line":88,"column":8},"end":{"line":90,"column":9}},"49":{"start":{"line":89,"column":12},"end":{"line":89,"column":39}},"50":{"start":{"line":92,"column":4},"end":{"line":92,"column":24}}},"fnMap":{"0":{"name":"(anonymous_0)","decl":{"start":{"line":3,"column":31},"end":{"line":3,"column":32}},"loc":{"start":{"line":3,"column":58},"end":{"line":10,"column":1}},"line":3},"1":{"name":"(anonymous_1)","decl":{"start":{"line":13,"column":33},"end":{"line":13,"column":34}},"loc":{"start":{"line":13,"column":66},"end":{"line":15,"column":1}},"line":13},"2":{"name":"(anonymous_2)","decl":{"start":{"line":18,"column":32},"end":{"line":18,"column":33}},"loc":{"start":{"line":18,"column":59},"end":{"line":27,"column":1}},"line":18},"3":{"name":"(anonymous_3)","decl":{"start":{"line":33,"column":20},"end":{"line":33,"column":21}},"loc":{"start":{"line":33,"column":37},"end":{"line":39,"column":1}},"line":33},"4":{"name":"(anonymous_4)","decl":{"start":{"line":46,"column":20},"end":{"line":46,"column":21}},"loc":{"start":{"line":46,"column":43},"end":{"line":52,"column":1}},"line":46},"5":{"name":"(anonymous_5)","decl":{"start":{"line":55,"column":18},"end":{"line":55,"column":19}},"loc":{"start":{"line":55,"column":27},"end":{"line":58,"column":1}},"line":55},"6":{"name":"(anonymous_6)","decl":{"start":{"line":63,"column":35},"end":{"line":63,"column":36}},"loc":{"start":{"line":63,"column":49},"end":{"line":79,"column":1}},"line":63},"7":{"name":"(anonymous_7)","decl":{"start":{"line":71,"column":21},"end":{"line":71,"column":22}},"loc":{"start":{"line":71,"column":32},"end":{"line":75,"column":5}},"line":71},"8":{"name":"(anonymous_8)","decl":{"start":{"line":85,"column":35},"end":{"line":85,"column":36}},"loc":{"start":{"line":85,"column":84},"end":{"line":93,"column":1}},"line":85},"9":{"name":"(anonymous_9)","decl":{"start":{"line":87,"column":25},"end":{"line":87,"column":26}},"loc":{"start":{"line":87,"column":36},"end":{"line":91,"column":5}},"line":87}},"branchMap":{"0":{"loc":{"start":{"line":7,"column":4},"end":{"line":7,"column":44}},"type":"binary-expr","locations":[{"start":{"line":7,"column":5},"end":{"line":7,"column":21}},{"start":{"line":7,"column":27},"end":{"line":7,"column":43}}],"line":7},"1":{"loc":{"start":{"line":14,"column":4},"end":{"line":14,"column":59}},"type":"if","locations":[{"start":{"line":14,"column":4},"end":{"line":14,"column":59}},{"start":{"line":14,"column":4},"end":{"line":14,"column":59}}],"line":14},"2":{"loc":{"start":{"line":23,"column":4},"end":{"line":23,"column":29}},"type":"binary-expr","locations":[{"start":{"line":23,"column":5},"end":{"line":23,"column":15}},{"start":{"line":23,"column":21},"end":{"line":23,"column":28}}],"line":23},"3":{"loc":{"start":{"line":25,"column":4},"end":{"line":25,"column":44}},"type":"binary-expr","locations":[{"start":{"line":25,"column":5},"end":{"line":25,"column":21}},{"start":{"line":25,"column":27},"end":{"line":25,"column":43}}],"line":25},"4":{"loc":{"start":{"line":35,"column":4},"end":{"line":37,"column":51}},"type":"if","locations":[{"start":{"line":35,"column":4},"end":{"line":37,"column":51}},{"start":{"line":35,"column":4},"end":{"line":37,"column":51}}],"line":35},"5":{"loc":{"start":{"line":36,"column":9},"end":{"line":37,"column":51}},"type":"if","locations":[{"start":{"line":36,"column":9},"end":{"line":37,"column":51}},{"start":{"line":36,"column":9},"end":{"line":37,"column":51}}],"line":36},"6":{"loc":{"start":{"line":48,"column":4},"end":{"line":50,"column":48}},"type":"if","locations":[{"start":{"line":48,"column":4},"end":{"line":50,"column":48}},{"start":{"line":48,"column":4},"end":{"line":50,"column":48}}],"line":48},"7":{"loc":{"start":{"line":65,"column":4},"end":{"line":65,"column":79}},"type":"if","locations":[{"start":{"line":65,"column":4},"end":{"line":65,"column":79}},{"start":{"line":65,"column":4},"end":{"line":65,"column":79}}],"line":65},"8":{"loc":{"start":{"line":73,"column":8},"end":{"line":73,"column":55}},"type":"if","locations":[{"start":{"line":73,"column":8},"end":{"line":73,"column":55}},{"start":{"line":73,"column":8},"end":{"line":73,"column":55}}],"line":73},"9":{"loc":{"start":{"line":74,"column":8},"end":{"line":74,"column":69}},"type":"if","locations":[{"start":{"line":74,"column":8},"end":{"line":74,"column":69}},{"start":{"line":74,"column":8},"end":{"line":74,"column":69}}],"line":74},"10":{"loc":{"start":{"line":85,"column":36},"end":{"line":85,"column":51}},"type":"default-arg","locations":[{"start":{"line":85,"column":49},"end":{"line":85,"column":51}}],"line":85},"11":{"loc":{"start":{"line":88,"column":8},"end":{"line":90,"column":9}},"type":"if","locations":[{"start":{"line":88,"column":8},"end":{"line":90,"column":9}},{"start":{"line":88,"column":8},"end":{"line":90,"column":9}}],"line":88},"12":{"loc":{"start":{"line":88,"column":12},"end":{"line":88,"column":86}},"type":"binary-expr","locations":[{"start":{"line":88,"column":13},"end":{"line":88,"column":46}},{"start":{"line":88,"column":52},"end":{"line":88,"column":85}}],"line":88}},"s":{"0":1,"1":2,"2":2,"3":2,"4":2,"5":1,"6":2,"7":1,"8":1,"9":1,"10":5,"11":5,"12":5,"13":5,"14":5,"15":1,"16":7,"17":7,"18":5,"19":2,"20":1,"21":1,"22":7,"23":1,"24":9,"25":6,"26":3,"27":1,"28":7,"29":7,"30":1,"31":2,"32":1,"33":1,"34":1,"35":1,"36":1,"37":6,"38":6,"39":2,"40":6,"41":1,"42":1,"43":1,"44":1,"45":1,"46":3,"47":3,"48":6,"49":4,"50":3},"f":{"0":2,"1":2,"2":5,"3":7,"4":9,"5":7,"6":2,"7":6,"8":3,"9":6},"b":{"0":[2,1],"1":[1,1],"2":[5,1],"3":[5,1],"4":[5,2],"5":[1,1],"6":[6,3],"7":[1,1],"8":[2,4],"9":[1,5],"10":[1],"11":[4,2],"12":[6,5]},"_coverageSchema":"1a1c01bbd47fc00a2c39e90264f33305004495a9","hash":"11cf82a748e58290b68e8b53dd895411f67b96cf"}
,"E:\\Java\\Brain\\src\\api\\products\\prodImgLoad.js": {"path":"E:\\Java\\Brain\\src\\api\\products\\prodImgLoad.js","statementMap":{"0":{"start":{"line":11,"column":27},"end":{"line":33,"column":1}},"1":{"start":{"line":14,"column":4},"end":{"line":14,"column":62}},"2":{"start":{"line":15,"column":4},"end":{"line":15,"column":38}},"3":{"start":{"line":16,"column":4},"end":{"line":16,"column":34}},"4":{"start":{"line":17,"column":4},"end":{"line":17,"column":26}},"5":{"start":{"line":20,"column":22},"end":{"line":20,"column":54}},"6":{"start":{"line":23,"column":21},"end":{"line":23,"column":46}},"7":{"start":{"line":26,"column":8},"end":{"line":26,"column":52}},"8":{"start":{"line":32,"column":4},"end":{"line":32,"column":18}}},"fnMap":{"0":{"name":"(anonymous_0)","decl":{"start":{"line":11,"column":27},"end":{"line":11,"column":28}},"loc":{"start":{"line":11,"column":70},"end":{"line":33,"column":1}},"line":11}},"branchMap":{},"s":{"0":2,"1":0,"2":0,"3":0,"4":0,"5":0,"6":0,"7":0,"8":0},"f":{"0":0},"b":{},"_coverageSchema":"1a1c01bbd47fc00a2c39e90264f33305004495a9","hash":"eb42beb1ffa35a191423cf7ee882943773dac077"}
,"E:\\Java\\Brain\\src\\api\\products\\products.js": {"path":"E:\\Java\\Brain\\src\\api\\products\\products.js","statementMap":{"0":{"start":{"line":17,"column":31},"end":{"line":51,"column":1}},"1":{"start":{"line":18,"column":15},"end":{"line":18,"column":17}},"2":{"start":{"line":18,"column":28},"end":{"line":18,"column":29}},"3":{"start":{"line":18,"column":41},"end":{"line":18,"column":42}},"4":{"start":{"line":20,"column":4},"end":{"line":20,"column":40}},"5":{"start":{"line":22,"column":4},"end":{"line":22,"column":58}},"6":{"start":{"line":24,"column":4},"end":{"line":24,"column":63}},"7":{"start":{"line":26,"column":4},"end":{"line":26,"column":38}},"8":{"start":{"line":27,"column":4},"end":{"line":27,"column":34}},"9":{"start":{"line":28,"column":4},"end":{"line":28,"column":53}},"10":{"start":{"line":30,"column":4},"end":{"line":43,"column":37}},"11":{"start":{"line":31,"column":8},"end":{"line":31,"column":67}},"12":{"start":{"line":32,"column":8},"end":{"line":32,"column":51}},"13":{"start":{"line":34,"column":8},"end":{"line":34,"column":43}},"14":{"start":{"line":36,"column":8},"end":{"line":36,"column":50}},"15":{"start":{"line":37,"column":8},"end":{"line":37,"column":77}},"16":{"start":{"line":37,"column":60},"end":{"line":37,"column":75}},"17":{"start":{"line":39,"column":8},"end":{"line":39,"column":25}},"18":{"start":{"line":40,"column":8},"end":{"line":40,"column":38}},"19":{"start":{"line":41,"column":8},"end":{"line":41,"column":51}},"20":{"start":{"line":45,"column":4},"end":{"line":45,"column":29}},"21":{"start":{"line":46,"column":4},"end":{"line":46,"column":31}},"22":{"start":{"line":48,"column":4},"end":{"line":48,"column":54}},"23":{"start":{"line":50,"column":4},"end":{"line":50,"column":16}},"24":{"start":{"line":56,"column":36},"end":{"line":63,"column":1}},"25":{"start":{"line":57,"column":14},"end":{"line":57,"column":16}},"26":{"start":{"line":58,"column":4},"end":{"line":60,"column":7}},"27":{"start":{"line":59,"column":8},"end":{"line":59,"column":95}},"28":{"start":{"line":59,"column":80},"end":{"line":59,"column":95}},"29":{"start":{"line":61,"column":4},"end":{"line":61,"column":86}},"30":{"start":{"line":62,"column":4},"end":{"line":62,"column":22}},"31":{"start":{"line":69,"column":31},"end":{"line":73,"column":1}},"32":{"start":{"line":70,"column":4},"end":{"line":70,"column":26}},"33":{"start":{"line":71,"column":4},"end":{"line":71,"column":50}},"34":{"start":{"line":72,"column":4},"end":{"line":72,"column":20}},"35":{"start":{"line":78,"column":19},"end":{"line":81,"column":1}},"36":{"start":{"line":79,"column":4},"end":{"line":79,"column":58}},"37":{"start":{"line":80,"column":4},"end":{"line":80,"column":58}},"38":{"start":{"line":84,"column":26},"end":{"line":90,"column":1}},"39":{"start":{"line":85,"column":4},"end":{"line":85,"column":28}},"40":{"start":{"line":85,"column":19},"end":{"line":85,"column":28}},"41":{"start":{"line":87,"column":17},"end":{"line":87,"column":55}},"42":{"start":{"line":88,"column":4},"end":{"line":88,"column":35}},"43":{"start":{"line":88,"column":24},"end":{"line":88,"column":35}},"44":{"start":{"line":89,"column":4},"end":{"line":89,"column":18}},"45":{"start":{"line":93,"column":27},"end":{"line":96,"column":1}},"46":{"start":{"line":94,"column":4},"end":{"line":94,"column":26}},"47":{"start":{"line":94,"column":19},"end":{"line":94,"column":26}},"48":{"start":{"line":95,"column":4},"end":{"line":95,"column":47}}},"fnMap":{"0":{"name":"(anonymous_0)","decl":{"start":{"line":17,"column":31},"end":{"line":17,"column":32}},"loc":{"start":{"line":17,"column":93},"end":{"line":51,"column":1}},"line":17},"1":{"name":"(anonymous_1)","decl":{"start":{"line":37,"column":50},"end":{"line":37,"column":51}},"loc":{"start":{"line":37,"column":60},"end":{"line":37,"column":75}},"line":37},"2":{"name":"(anonymous_2)","decl":{"start":{"line":56,"column":36},"end":{"line":56,"column":37}},"loc":{"start":{"line":56,"column":46},"end":{"line":63,"column":1}},"line":56},"3":{"name":"(anonymous_3)","decl":{"start":{"line":58,"column":17},"end":{"line":58,"column":18}},"loc":{"start":{"line":58,"column":27},"end":{"line":60,"column":5}},"line":58},"4":{"name":"(anonymous_4)","decl":{"start":{"line":69,"column":31},"end":{"line":69,"column":32}},"loc":{"start":{"line":69,"column":65},"end":{"line":73,"column":1}},"line":69},"5":{"name":"(anonymous_5)","decl":{"start":{"line":78,"column":19},"end":{"line":78,"column":20}},"loc":{"start":{"line":78,"column":49},"end":{"line":81,"column":1}},"line":78},"6":{"name":"(anonymous_6)","decl":{"start":{"line":84,"column":26},"end":{"line":84,"column":27}},"loc":{"start":{"line":84,"column":46},"end":{"line":90,"column":1}},"line":84},"7":{"name":"(anonymous_7)","decl":{"start":{"line":93,"column":27},"end":{"line":93,"column":28}},"loc":{"start":{"line":93,"column":49},"end":{"line":96,"column":1}},"line":93}},"branchMap":{"0":{"loc":{"start":{"line":17,"column":72},"end":{"line":17,"column":88}},"type":"default-arg","locations":[{"start":{"line":17,"column":83},"end":{"line":17,"column":88}}],"line":17},"1":{"loc":{"start":{"line":59,"column":8},"end":{"line":59,"column":95}},"type":"if","locations":[{"start":{"line":59,"column":8},"end":{"line":59,"column":95}},{"start":{"line":59,"column":8},"end":{"line":59,"column":95}}],"line":59},"2":{"loc":{"start":{"line":59,"column":12},"end":{"line":59,"column":78}},"type":"binary-expr","locations":[{"start":{"line":59,"column":13},"end":{"line":59,"column":45}},{"start":{"line":59,"column":51},"end":{"line":59,"column":77}}],"line":59},"3":{"loc":{"start":{"line":71,"column":4},"end":{"line":71,"column":49}},"type":"binary-expr","locations":[{"start":{"line":71,"column":5},"end":{"line":71,"column":24}},{"start":{"line":71,"column":30},"end":{"line":71,"column":48}}],"line":71},"4":{"loc":{"start":{"line":85,"column":4},"end":{"line":85,"column":28}},"type":"if","locations":[{"start":{"line":85,"column":4},"end":{"line":85,"column":28}},{"start":{"line":85,"column":4},"end":{"line":85,"column":28}}],"line":85},"5":{"loc":{"start":{"line":88,"column":4},"end":{"line":88,"column":35}},"type":"if","locations":[{"start":{"line":88,"column":4},"end":{"line":88,"column":35}},{"start":{"line":88,"column":4},"end":{"line":88,"column":35}}],"line":88},"6":{"loc":{"start":{"line":94,"column":4},"end":{"line":94,"column":26}},"type":"if","locations":[{"start":{"line":94,"column":4},"end":{"line":94,"column":26}},{"start":{"line":94,"column":4},"end":{"line":94,"column":26}}],"line":94}},"s":{"0":2,"1":1,"2":1,"3":1,"4":1,"5":1,"6":1,"7":1,"8":1,"9":1,"10":1,"11":1,"12":1,"13":1,"14":1,"15":1,"16":0,"17":0,"18":0,"19":0,"20":0,"21":0,"22":0,"23":0,"24":2,"25":1,"26":1,"27":3,"28":2,"29":1,"30":1,"31":2,"32":0,"33":0,"34":0,"35":2,"36":0,"37":0,"38":2,"39":1,"40":1,"41":0,"42":0,"43":0,"44":0,"45":2,"46":1,"47":1,"48":0},"f":{"0":1,"1":0,"2":1,"3":3,"4":0,"5":0,"6":1,"7":1},"b":{"0":[0],"1":[2,1],"2":[3,2],"3":[0,0],"4":[1,0],"5":[0,0],"6":[1,0]},"_coverageSchema":"1a1c01bbd47fc00a2c39e90264f33305004495a9","hash":"a56ffc3221679575bc21b20b452c33ec929845e4"}
,"E:\\Java\\Brain\\src\\api\\sid\\sid.js": {"path":"E:\\Java\\Brain\\src\\api\\sid\\sid.js","statementMap":{"0":{"start":{"line":9,"column":22},"end":{"line":23,"column":1}},"1":{"start":{"line":11,"column":15},"end":{"line":11,"column":91}},"2":{"start":{"line":12,"column":21},"end":{"line":12,"column":58}},"3":{"start":{"line":18,"column":4},"end":{"line":18,"column":47}},"4":{"start":{"line":19,"column":4},"end":{"line":19,"column":65}},"5":{"start":{"line":22,"column":4},"end":{"line":22,"column":22}}},"fnMap":{"0":{"name":"(anonymous_0)","decl":{"start":{"line":9,"column":22},"end":{"line":9,"column":23}},"loc":{"start":{"line":9,"column":42},"end":{"line":23,"column":1}},"line":9}},"branchMap":{},"s":{"0":7,"1":3,"2":3,"3":3,"4":3,"5":3},"f":{"0":3},"b":{},"_coverageSchema":"1a1c01bbd47fc00a2c39e90264f33305004495a9","hash":"11cc78bdbf2a3c5ba0ea698a0bf359eb79c13ac7"}
,"E:\\Java\\Brain\\src\\api\\sid\\timeStamp.js": {"path":"E:\\Java\\Brain\\src\\api\\sid\\timeStamp.js","statementMap":{"0":{"start":{"line":7,"column":33},"end":{"line":11,"column":1}},"1":{"start":{"line":9,"column":4},"end":{"line":9,"column":41}},"2":{"start":{"line":10,"column":4},"end":{"line":10,"column":22}},"3":{"start":{"line":14,"column":20},"end":{"line":17,"column":1}},"4":{"start":{"line":16,"column":4},"end":{"line":16,"column":32}}},"fnMap":{"0":{"name":"(anonymous_0)","decl":{"start":{"line":7,"column":33},"end":{"line":7,"column":34}},"loc":{"start":{"line":7,"column":49},"end":{"line":11,"column":1}},"line":7},"1":{"name":"(anonymous_1)","decl":{"start":{"line":14,"column":20},"end":{"line":14,"column":21}},"loc":{"start":{"line":14,"column":26},"end":{"line":17,"column":1}},"line":14}},"branchMap":{},"s":{"0":8,"1":4,"2":4,"3":8,"4":4},"f":{"0":4,"1":4},"b":{},"_coverageSchema":"1a1c01bbd47fc00a2c39e90264f33305004495a9","hash":"58753e00d42efc787b63c98b3e1b2d6d8530ed3b"}
,"E:\\Java\\Brain\\src\\api\\storage\\storage.js": {"path":"E:\\Java\\Brain\\src\\api\\storage\\storage.js","statementMap":{"0":{"start":{"line":4,"column":25},"end":{"line":13,"column":1}},"1":{"start":{"line":5,"column":2},"end":{"line":12,"column":3}},"2":{"start":{"line":6,"column":22},"end":{"line":6,"column":43}},"3":{"start":{"line":7,"column":4},"end":{"line":7,"column":46}},"4":{"start":{"line":8,"column":4},"end":{"line":8,"column":16}},"5":{"start":{"line":10,"column":4},"end":{"line":10,"column":69}},"6":{"start":{"line":16,"column":23},"end":{"line":24,"column":1}},"7":{"start":{"line":17,"column":2},"end":{"line":23,"column":3}},"8":{"start":{"line":18,"column":22},"end":{"line":18,"column":53}},"9":{"start":{"line":19,"column":4},"end":{"line":19,"column":60}},"10":{"start":{"line":21,"column":4},"end":{"line":21,"column":68}}},"fnMap":{"0":{"name":"(anonymous_0)","decl":{"start":{"line":4,"column":25},"end":{"line":4,"column":26}},"loc":{"start":{"line":4,"column":47},"end":{"line":13,"column":1}},"line":4},"1":{"name":"(anonymous_1)","decl":{"start":{"line":16,"column":23},"end":{"line":16,"column":24}},"loc":{"start":{"line":16,"column":38},"end":{"line":24,"column":1}},"line":16}},"branchMap":{"0":{"loc":{"start":{"line":19,"column":11},"end":{"line":19,"column":59}},"type":"cond-expr","locations":[{"start":{"line":19,"column":31},"end":{"line":19,"column":52}},{"start":{"line":19,"column":55},"end":{"line":19,"column":59}}],"line":19}},"s":{"0":3,"1":1,"2":1,"3":1,"4":1,"5":0,"6":3,"7":1,"8":1,"9":1,"10":0},"f":{"0":1,"1":1},"b":{"0":[1,0]},"_coverageSchema":"1a1c01bbd47fc00a2c39e90264f33305004495a9","hash":"32005e47f5282aee74fb1e58284e217ff76e90f5"}
,"E:\\Java\\Brain\\src\\api\\syncdata\\syncProgBar.js": {"path":"E:\\Java\\Brain\\src\\api\\syncdata\\syncProgBar.js","statementMap":{"0":{"start":{"line":5,"column":26},"end":{"line":12,"column":1}},"1":{"start":{"line":6,"column":16},"end":{"line":6,"column":19}},"2":{"start":{"line":7,"column":4},"end":{"line":7,"column":47}},"3":{"start":{"line":7,"column":19},"end":{"line":7,"column":47}},"4":{"start":{"line":9,"column":18},"end":{"line":9,"column":70}},"5":{"start":{"line":10,"column":4},"end":{"line":10,"column":21}}},"fnMap":{"0":{"name":"(anonymous_0)","decl":{"start":{"line":5,"column":26},"end":{"line":5,"column":27}},"loc":{"start":{"line":5,"column":46},"end":{"line":12,"column":1}},"line":5}},"branchMap":{"0":{"loc":{"start":{"line":7,"column":4},"end":{"line":7,"column":47}},"type":"if","locations":[{"start":{"line":7,"column":4},"end":{"line":7,"column":47}},{"start":{"line":7,"column":4},"end":{"line":7,"column":47}}],"line":7}},"s":{"0":1,"1":1,"2":1,"3":1,"4":1,"5":1},"f":{"0":1},"b":{"0":[1,0]},"_coverageSchema":"1a1c01bbd47fc00a2c39e90264f33305004495a9","hash":"e923649b3ce0da14725c5dc5194c390cec0c0869"}
,"E:\\Java\\Brain\\src\\components\\AlertMessageCmp.js": {"path":"E:\\Java\\Brain\\src\\components\\AlertMessageCmp.js","statementMap":{"0":{"start":{"line":4,"column":31},"end":{"line":11,"column":1}},"1":{"start":{"line":5,"column":4},"end":{"line":10,"column":5}},"2":{"start":{"line":15,"column":15},"end":{"line":21,"column":2}}},"fnMap":{"0":{"name":"(anonymous_0)","decl":{"start":{"line":4,"column":31},"end":{"line":4,"column":32}},"loc":{"start":{"line":4,"column":46},"end":{"line":11,"column":1}},"line":4}},"branchMap":{},"s":{"0":1,"1":1,"2":1},"f":{"0":1},"b":{},"_coverageSchema":"1a1c01bbd47fc00a2c39e90264f33305004495a9","hash":"6560cf44dee0005ccb8e84e0136c4730d62c3f2e"}
,"E:\\Java\\Brain\\src\\components\\ListProdCmp.js": {"path":"E:\\Java\\Brain\\src\\components\\ListProdCmp.js","statementMap":{"0":{"start":{"line":12,"column":15},"end":{"line":12,"column":16}},"1":{"start":{"line":15,"column":27},"end":{"line":56,"column":1}},"2":{"start":{"line":19,"column":4},"end":{"line":54,"column":10}},"3":{"start":{"line":19,"column":33},"end":{"line":23,"column":5}},"4":{"start":{"line":25,"column":8},"end":{"line":54,"column":10}},"5":{"start":{"line":33,"column":25},"end":{"line":37,"column":26}},"6":{"start":{"line":38,"column":42},"end":{"line":38,"column":70}},"7":{"start":{"line":42,"column":24},"end":{"line":42,"column":102}},"8":{"start":{"line":43,"column":24},"end":{"line":43,"column":80}},"9":{"start":{"line":59,"column":15},"end":{"line":82,"column":2}}},"fnMap":{"0":{"name":"(anonymous_0)","decl":{"start":{"line":15,"column":27},"end":{"line":15,"column":28}},"loc":{"start":{"line":15,"column":104},"end":{"line":56,"column":1}},"line":15},"1":{"name":"(anonymous_1)","decl":{"start":{"line":32,"column":32},"end":{"line":32,"column":33}},"loc":{"start":{"line":33,"column":25},"end":{"line":37,"column":26}},"line":33},"2":{"name":"(anonymous_2)","decl":{"start":{"line":38,"column":34},"end":{"line":38,"column":35}},"loc":{"start":{"line":38,"column":42},"end":{"line":38,"column":70}},"line":38},"3":{"name":"(anonymous_3)","decl":{"start":{"line":40,"column":34},"end":{"line":40,"column":35}},"loc":{"start":{"line":40,"column":40},"end":{"line":46,"column":21}},"line":40}},"branchMap":{"0":{"loc":{"start":{"line":19,"column":4},"end":{"line":54,"column":10}},"type":"if","locations":[{"start":{"line":19,"column":4},"end":{"line":54,"column":10}},{"start":{"line":19,"column":4},"end":{"line":54,"column":10}}],"line":19}},"s":{"0":1,"1":1,"2":1,"3":0,"4":1,"5":1,"6":1,"7":0,"8":0,"9":1},"f":{"0":1,"1":1,"2":1,"3":0},"b":{"0":[0,1]},"_coverageSchema":"1a1c01bbd47fc00a2c39e90264f33305004495a9","hash":"2114df041109e0bc95baa6fd166351e68353a455"}
,"E:\\Java\\Brain\\src\\components\\SpinerCmp.js": {"path":"E:\\Java\\Brain\\src\\components\\SpinerCmp.js","statementMap":{"0":{"start":{"line":8,"column":25},"end":{"line":16,"column":1}},"1":{"start":{"line":11,"column":4},"end":{"line":15,"column":16}},"2":{"start":{"line":18,"column":15},"end":{"line":26,"column":2}}},"fnMap":{"0":{"name":"(anonymous_0)","decl":{"start":{"line":8,"column":25},"end":{"line":8,"column":26}},"loc":{"start":{"line":8,"column":31},"end":{"line":16,"column":1}},"line":8}},"branchMap":{},"s":{"0":1,"1":1,"2":1},"f":{"0":1},"b":{},"_coverageSchema":"1a1c01bbd47fc00a2c39e90264f33305004495a9","hash":"0c43842183dab686e82c7efd422b521a0c25aa6e"}
,"E:\\Java\\Brain\\src\\components\\prodcard\\ProdCardLightCmp.js": {"path":"E:\\Java\\Brain\\src\\components\\prodcard\\ProdCardLightCmp.js","statementMap":{"0":{"start":{"line":11,"column":32},"end":{"line":43,"column":1}},"1":{"start":{"line":15,"column":4},"end":{"line":42,"column":5}},"2":{"start":{"line":19,"column":20},"end":{"line":19,"column":77}},"3":{"start":{"line":20,"column":20},"end":{"line":20,"column":66}},"4":{"start":{"line":21,"column":20},"end":{"line":24,"column":22}},"5":{"start":{"line":22,"column":24},"end":{"line":22,"column":82}},"6":{"start":{"line":23,"column":24},"end":{"line":23,"column":79}},"7":{"start":{"line":25,"column":20},"end":{"line":25,"column":56}},"8":{"start":{"line":46,"column":15},"end":{"line":76,"column":2}}},"fnMap":{"0":{"name":"(anonymous_0)","decl":{"start":{"line":11,"column":32},"end":{"line":11,"column":33}},"loc":{"start":{"line":11,"column":75},"end":{"line":43,"column":1}},"line":11},"1":{"name":"(anonymous_1)","decl":{"start":{"line":18,"column":25},"end":{"line":18,"column":26}},"loc":{"start":{"line":18,"column":31},"end":{"line":27,"column":17}},"line":18},"2":{"name":"(anonymous_2)","decl":{"start":{"line":21,"column":75},"end":{"line":21,"column":76}},"loc":{"start":{"line":21,"column":89},"end":{"line":24,"column":21}},"line":21}},"branchMap":{},"s":{"0":2,"1":2,"2":0,"3":0,"4":0,"5":0,"6":0,"7":0,"8":2},"f":{"0":2,"1":0,"2":0},"b":{},"_coverageSchema":"1a1c01bbd47fc00a2c39e90264f33305004495a9","hash":"c19049177f42128cfd47baaff0c52c96df22b1fe"}
,"E:\\Java\\Brain\\src\\constants\\appNavigatorConst.js": {"path":"E:\\Java\\Brain\\src\\constants\\appNavigatorConst.js","statementMap":{"0":{"start":{"line":5,"column":24},"end":{"line":5,"column":36}},"1":{"start":{"line":6,"column":25},"end":{"line":6,"column":41}},"2":{"start":{"line":7,"column":24},"end":{"line":7,"column":36}},"3":{"start":{"line":8,"column":24},"end":{"line":8,"column":36}},"4":{"start":{"line":9,"column":26},"end":{"line":9,"column":40}},"5":{"start":{"line":10,"column":26},"end":{"line":10,"column":40}},"6":{"start":{"line":11,"column":29},"end":{"line":11,"column":48}},"7":{"start":{"line":12,"column":29},"end":{"line":12,"column":45}}},"fnMap":{},"branchMap":{},"s":{"0":2,"1":2,"2":2,"3":2,"4":2,"5":2,"6":2,"7":2},"f":{},"b":{},"_coverageSchema":"1a1c01bbd47fc00a2c39e90264f33305004495a9","hash":"dbb6adfd26d69671ba362d17de11ff3e72f4cc79"}
,"E:\\Java\\Brain\\src\\constants\\authorizConst.js": {"path":"E:\\Java\\Brain\\src\\constants\\authorizConst.js","statementMap":{"0":{"start":{"line":6,"column":23},"end":{"line":6,"column":57}},"1":{"start":{"line":9,"column":21},"end":{"line":9,"column":41}},"2":{"start":{"line":10,"column":23},"end":{"line":10,"column":57}},"3":{"start":{"line":11,"column":25},"end":{"line":11,"column":66}},"4":{"start":{"line":13,"column":35},"end":{"line":17,"column":1}}},"fnMap":{},"branchMap":{},"s":{"0":7,"1":7,"2":7,"3":7,"4":7},"f":{},"b":{},"_coverageSchema":"1a1c01bbd47fc00a2c39e90264f33305004495a9","hash":"acbfe7b3bac82a5441b9d97f438d7b231c58f899"}
,"E:\\Java\\Brain\\src\\constants\\categoryConst.js": {"path":"E:\\Java\\Brain\\src\\constants\\categoryConst.js","statementMap":{"0":{"start":{"line":5,"column":26},"end":{"line":5,"column":27}},"1":{"start":{"line":6,"column":25},"end":{"line":6,"column":28}},"2":{"start":{"line":7,"column":30},"end":{"line":7,"column":31}},"3":{"start":{"line":8,"column":29},"end":{"line":8,"column":37}},"4":{"start":{"line":9,"column":34},"end":{"line":9,"column":43}}},"fnMap":{},"branchMap":{},"s":{"0":2,"1":2,"2":2,"3":2,"4":2},"f":{},"b":{},"_coverageSchema":"1a1c01bbd47fc00a2c39e90264f33305004495a9","hash":"682ffbbc753157bf7f3a31bd174daa4660ddd23a"}
,"E:\\Java\\Brain\\src\\constants\\errorConst.js": {"path":"E:\\Java\\Brain\\src\\constants\\errorConst.js","statementMap":{"0":{"start":{"line":6,"column":26},"end":{"line":6,"column":33}},"1":{"start":{"line":8,"column":25},"end":{"line":8,"column":82}},"2":{"start":{"line":10,"column":31},"end":{"line":22,"column":83}}},"fnMap":{},"branchMap":{},"s":{"0":6,"1":6,"2":6},"f":{},"b":{},"_coverageSchema":"1a1c01bbd47fc00a2c39e90264f33305004495a9","hash":"dc6b49c6d5262333c5dd85a0d24e99f804e1b99c"}
,"E:\\Java\\Brain\\src\\constants\\otherConst.js": {"path":"E:\\Java\\Brain\\src\\constants\\otherConst.js","statementMap":{"0":{"start":{"line":7,"column":28},"end":{"line":7,"column":58}},"1":{"start":{"line":8,"column":29},"end":{"line":8,"column":60}}},"fnMap":{},"branchMap":{},"s":{"0":2,"1":2},"f":{},"b":{},"_coverageSchema":"1a1c01bbd47fc00a2c39e90264f33305004495a9","hash":"93e6a4c7ebc1e2f31beedf8adc35fd90d7a1f961"}
,"E:\\Java\\Brain\\src\\constants\\productsConst.js": {"path":"E:\\Java\\Brain\\src\\constants\\productsConst.js","statementMap":{"0":{"start":{"line":6,"column":22},"end":{"line":6,"column":26}},"1":{"start":{"line":9,"column":21},"end":{"line":9,"column":27}},"2":{"start":{"line":19,"column":33},"end":{"line":19,"column":36}},"3":{"start":{"line":22,"column":31},"end":{"line":22,"column":33}},"4":{"start":{"line":31,"column":29},"end":{"line":31,"column":46}},"5":{"start":{"line":39,"column":25},"end":{"line":39,"column":41}},"6":{"start":{"line":40,"column":29},"end":{"line":40,"column":41}},"7":{"start":{"line":42,"column":28},"end":{"line":42,"column":40}},"8":{"start":{"line":43,"column":27},"end":{"line":43,"column":33}},"9":{"start":{"line":44,"column":23},"end":{"line":44,"column":29}},"10":{"start":{"line":45,"column":25},"end":{"line":45,"column":32}}},"fnMap":{},"branchMap":{},"s":{"0":3,"1":3,"2":3,"3":3,"4":3,"5":3,"6":3,"7":3,"8":3,"9":3,"10":3},"f":{},"b":{},"_coverageSchema":"1a1c01bbd47fc00a2c39e90264f33305004495a9","hash":"fade4611774d2483a0c41265dbf3b1097129ac1e"}
,"E:\\Java\\Brain\\src\\constants\\productsJSON.js": {"path":"E:\\Java\\Brain\\src\\constants\\productsJSON.js","statementMap":{"0":{"start":{"line":10,"column":0},"end":{"line":40158,"column":2}}},"fnMap":{},"branchMap":{},"s":{"0":3},"f":{},"b":{},"_coverageSchema":"1a1c01bbd47fc00a2c39e90264f33305004495a9","hash":"90e410ae8e372e7bf36d4049bd13acf71691ceb9"}
,"E:\\Java\\Brain\\src\\constants\\spinerConst.js": {"path":"E:\\Java\\Brain\\src\\constants\\spinerConst.js","statementMap":{"0":{"start":{"line":6,"column":26},"end":{"line":6,"column":39}}},"fnMap":{},"branchMap":{},"s":{"0":1},"f":{},"b":{},"_coverageSchema":"1a1c01bbd47fc00a2c39e90264f33305004495a9","hash":"a69191c79471fc9fcdc51232825d42250537fc65"}
,"E:\\Java\\Brain\\src\\constants\\storageConst.js": {"path":"E:\\Java\\Brain\\src\\constants\\storageConst.js","statementMap":{"0":{"start":{"line":4,"column":32},"end":{"line":4,"column":48}},"1":{"start":{"line":5,"column":40},"end":{"line":5,"column":44}},"2":{"start":{"line":14,"column":29},"end":{"line":14,"column":41}},"3":{"start":{"line":17,"column":31},"end":{"line":17,"column":46}}},"fnMap":{},"branchMap":{},"s":{"0":2,"1":2,"2":2,"3":2},"f":{},"b":{},"_coverageSchema":"1a1c01bbd47fc00a2c39e90264f33305004495a9","hash":"992555a1bfc1c3e0a108f5e17be45f0eb8ae5b6b"}
,"E:\\Java\\Brain\\src\\constants\\urlConst.js": {"path":"E:\\Java\\Brain\\src\\constants\\urlConst.js","statementMap":{"0":{"start":{"line":9,"column":0},"end":{"line":13,"column":38}},"1":{"start":{"line":9,"column":33},"end":{"line":9,"column":63}},"2":{"start":{"line":13,"column":6},"end":{"line":13,"column":37}},"3":{"start":{"line":15,"column":28},"end":{"line":15,"column":40}},"4":{"start":{"line":16,"column":13},"end":{"line":16,"column":17}},"5":{"start":{"line":27,"column":29},"end":{"line":27,"column":62}},"6":{"start":{"line":31,"column":32},"end":{"line":31,"column":72}},"7":{"start":{"line":36,"column":32},"end":{"line":36,"column":70}},"8":{"start":{"line":44,"column":32},"end":{"line":44,"column":78}},"9":{"start":{"line":50,"column":31},"end":{"line":50,"column":78}},"10":{"start":{"line":58,"column":34},"end":{"line":58,"column":74}},"11":{"start":{"line":74,"column":34},"end":{"line":74,"column":75}}},"fnMap":{},"branchMap":{"0":{"loc":{"start":{"line":9,"column":0},"end":{"line":13,"column":38}},"type":"if","locations":[{"start":{"line":9,"column":0},"end":{"line":13,"column":38}},{"start":{"line":9,"column":0},"end":{"line":13,"column":38}}],"line":9}},"s":{"0":7,"1":0,"2":7,"3":7,"4":7,"5":7,"6":7,"7":7,"8":7,"9":7,"10":7,"11":7},"f":{},"b":{"0":[0,7]},"_coverageSchema":"1a1c01bbd47fc00a2c39e90264f33305004495a9","hash":"ec7b718653c6af5502d639fb939731625e005ce2"}
,"E:\\Java\\Brain\\src\\reducers\\prodCurrentRdc.js": {"path":"E:\\Java\\Brain\\src\\reducers\\prodCurrentRdc.js","statementMap":{"0":{"start":{"line":3,"column":38},"end":{"line":3,"column":61}},"1":{"start":{"line":6,"column":33},"end":{"line":6,"column":51}},"2":{"start":{"line":10,"column":30},"end":{"line":25,"column":1}},"3":{"start":{"line":11,"column":4},"end":{"line":24,"column":5}},"4":{"start":{"line":13,"column":12},"end":{"line":16,"column":14}},"5":{"start":{"line":18,"column":12},"end":{"line":21,"column":14}},"6":{"start":{"line":23,"column":12},"end":{"line":23,"column":25}}},"fnMap":{"0":{"name":"(anonymous_0)","decl":{"start":{"line":10,"column":30},"end":{"line":10,"column":31}},"loc":{"start":{"line":10,"column":57},"end":{"line":25,"column":1}},"line":10}},"branchMap":{"0":{"loc":{"start":{"line":10,"column":31},"end":{"line":10,"column":44}},"type":"default-arg","locations":[{"start":{"line":10,"column":39},"end":{"line":10,"column":44}}],"line":10},"1":{"loc":{"start":{"line":11,"column":4},"end":{"line":24,"column":5}},"type":"switch","locations":[{"start":{"line":12,"column":8},"end":{"line":16,"column":14}},{"start":{"line":17,"column":8},"end":{"line":21,"column":14}},{"start":{"line":22,"column":8},"end":{"line":23,"column":25}}],"line":11}},"s":{"0":2,"1":2,"2":2,"3":0,"4":0,"5":0,"6":0},"f":{"0":0},"b":{"0":[0],"1":[0,0,0]},"_coverageSchema":"1a1c01bbd47fc00a2c39e90264f33305004495a9","hash":"4ade6c6cad506c265dc9f828b4333a16e7016e37"}
,"E:\\Java\\Brain\\src\\reducers\\progBarRdc.js": {"path":"E:\\Java\\Brain\\src\\reducers\\progBarRdc.js","statementMap":{"0":{"start":{"line":5,"column":33},"end":{"line":5,"column":51}},"1":{"start":{"line":6,"column":33},"end":{"line":6,"column":51}},"2":{"start":{"line":13,"column":26},"end":{"line":30,"column":1}},"3":{"start":{"line":14,"column":4},"end":{"line":29,"column":5}},"4":{"start":{"line":17,"column":12},"end":{"line":20,"column":14}},"5":{"start":{"line":23,"column":12},"end":{"line":26,"column":14}},"6":{"start":{"line":28,"column":12},"end":{"line":28,"column":25}}},"fnMap":{"0":{"name":"(anonymous_0)","decl":{"start":{"line":13,"column":26},"end":{"line":13,"column":27}},"loc":{"start":{"line":13,"column":53},"end":{"line":30,"column":1}},"line":13}},"branchMap":{"0":{"loc":{"start":{"line":13,"column":27},"end":{"line":13,"column":40}},"type":"default-arg","locations":[{"start":{"line":13,"column":35},"end":{"line":13,"column":40}}],"line":13},"1":{"loc":{"start":{"line":14,"column":4},"end":{"line":29,"column":5}},"type":"switch","locations":[{"start":{"line":16,"column":8},"end":{"line":20,"column":14}},{"start":{"line":22,"column":8},"end":{"line":26,"column":14}},{"start":{"line":27,"column":8},"end":{"line":28,"column":25}}],"line":14}},"s":{"0":2,"1":2,"2":2,"3":0,"4":0,"5":0,"6":0},"f":{"0":0},"b":{"0":[0],"1":[0,0,0]},"_coverageSchema":"1a1c01bbd47fc00a2c39e90264f33305004495a9","hash":"084e6ff6a53ca185c473453369c244bee98cc493"}
,"E:\\Java\\Brain\\src\\reducers\\spinerRdc.js": {"path":"E:\\Java\\Brain\\src\\reducers\\spinerRdc.js","statementMap":{"0":{"start":{"line":5,"column":30},"end":{"line":5,"column":45}},"1":{"start":{"line":11,"column":31},"end":{"line":21,"column":1}},"2":{"start":{"line":12,"column":4},"end":{"line":20,"column":5}},"3":{"start":{"line":14,"column":12},"end":{"line":17,"column":14}},"4":{"start":{"line":19,"column":12},"end":{"line":19,"column":25}}},"fnMap":{"0":{"name":"(anonymous_0)","decl":{"start":{"line":11,"column":31},"end":{"line":11,"column":32}},"loc":{"start":{"line":11,"column":58},"end":{"line":21,"column":1}},"line":11}},"branchMap":{"0":{"loc":{"start":{"line":11,"column":32},"end":{"line":11,"column":45}},"type":"default-arg","locations":[{"start":{"line":11,"column":40},"end":{"line":11,"column":45}}],"line":11},"1":{"loc":{"start":{"line":12,"column":4},"end":{"line":20,"column":5}},"type":"switch","locations":[{"start":{"line":13,"column":8},"end":{"line":17,"column":14}},{"start":{"line":18,"column":8},"end":{"line":19,"column":25}}],"line":12}},"s":{"0":2,"1":2,"2":0,"3":0,"4":0},"f":{"0":0},"b":{"0":[0],"1":[0,0]},"_coverageSchema":"1a1c01bbd47fc00a2c39e90264f33305004495a9","hash":"179ea895a28ebab3b43f26038af971ab46ba016c"}
}
