{"D:\\Java\\Brain\\src\\api\\category\\category.js": {"path":"D:\\Java\\Brain\\src\\api\\category\\category.js","statementMap":{"0":{"start":{"line":10,"column":31},"end":{"line":20,"column":1}},"1":{"start":{"line":13,"column":15},"end":{"line":13,"column":82}},"2":{"start":{"line":14,"column":4},"end":{"line":14,"column":43}},"3":{"start":{"line":15,"column":4},"end":{"line":15,"column":63}},"4":{"start":{"line":17,"column":4},"end":{"line":17,"column":41}},"5":{"start":{"line":19,"column":4},"end":{"line":19,"column":16}},"6":{"start":{"line":25,"column":32},"end":{"line":40,"column":1}},"7":{"start":{"line":26,"column":26},"end":{"line":26,"column":28}},"8":{"start":{"line":27,"column":19},"end":{"line":29,"column":30}},"9":{"start":{"line":31,"column":4},"end":{"line":37,"column":6}},"10":{"start":{"line":32,"column":8},"end":{"line":32,"column":46}},"11":{"start":{"line":33,"column":8},"end":{"line":33,"column":42}},"12":{"start":{"line":34,"column":8},"end":{"line":34,"column":40}},"13":{"start":{"line":35,"column":8},"end":{"line":35,"column":34}},"14":{"start":{"line":36,"column":8},"end":{"line":36,"column":49}},"15":{"start":{"line":38,"column":4},"end":{"line":38,"column":55}},"16":{"start":{"line":39,"column":4},"end":{"line":39,"column":27}},"17":{"start":{"line":46,"column":35},"end":{"line":52,"column":1}},"18":{"start":{"line":47,"column":18},"end":{"line":47,"column":65}},"19":{"start":{"line":47,"column":46},"end":{"line":47,"column":64}},"20":{"start":{"line":48,"column":4},"end":{"line":48,"column":66}},"21":{"start":{"line":51,"column":4},"end":{"line":51,"column":19}}},"fnMap":{"0":{"name":"(anonymous_0)","decl":{"start":{"line":10,"column":31},"end":{"line":10,"column":32}},"loc":{"start":{"line":10,"column":63},"end":{"line":20,"column":1}},"line":10},"1":{"name":"(anonymous_1)","decl":{"start":{"line":25,"column":32},"end":{"line":25,"column":33}},"loc":{"start":{"line":25,"column":50},"end":{"line":40,"column":1}},"line":25},"2":{"name":"(anonymous_2)","decl":{"start":{"line":31,"column":25},"end":{"line":31,"column":26}},"loc":{"start":{"line":31,"column":55},"end":{"line":37,"column":5}},"line":31},"3":{"name":"(anonymous_3)","decl":{"start":{"line":46,"column":35},"end":{"line":46,"column":36}},"loc":{"start":{"line":46,"column":63},"end":{"line":52,"column":1}},"line":46},"4":{"name":"(anonymous_4)","decl":{"start":{"line":47,"column":38},"end":{"line":47,"column":39}},"loc":{"start":{"line":47,"column":46},"end":{"line":47,"column":64}},"line":47}},"branchMap":{},"s":{"0":1,"1":1,"2":1,"3":1,"4":1,"5":1,"6":1,"7":2,"8":2,"9":2,"10":4,"11":4,"12":4,"13":4,"14":4,"15":2,"16":2,"17":1,"18":1,"19":3,"20":1,"21":1},"f":{"0":1,"1":2,"2":4,"3":1,"4":3},"b":{},"_coverageSchema":"1a1c01bbd47fc00a2c39e90264f33305004495a9","hash":"91e5314aff6008bf2abac24fbc43b692797796a7"}
,"D:\\Java\\Brain\\src\\api\\category\\symbChildren.js": {"path":"D:\\Java\\Brain\\src\\api\\category\\symbChildren.js","statementMap":{"0":{"start":{"line":12,"column":34},"end":{"line":20,"column":1}},"1":{"start":{"line":13,"column":4},"end":{"line":18,"column":5}},"2":{"start":{"line":14,"column":8},"end":{"line":16,"column":10}},"3":{"start":{"line":15,"column":12},"end":{"line":15,"column":80}},"4":{"start":{"line":19,"column":4},"end":{"line":19,"column":19}},"5":{"start":{"line":26,"column":16},"end":{"line":29,"column":1}},"6":{"start":{"line":27,"column":18},"end":{"line":27,"column":68}},"7":{"start":{"line":27,"column":39},"end":{"line":27,"column":67}},"8":{"start":{"line":28,"column":4},"end":{"line":28,"column":19}},"9":{"start":{"line":34,"column":27},"end":{"line":38,"column":1}},"10":{"start":{"line":35,"column":18},"end":{"line":35,"column":78}},"11":{"start":{"line":35,"column":46},"end":{"line":35,"column":77}},"12":{"start":{"line":36,"column":4},"end":{"line":37,"column":22}},"13":{"start":{"line":36,"column":28},"end":{"line":36,"column":39}},"14":{"start":{"line":37,"column":9},"end":{"line":37,"column":22}}},"fnMap":{"0":{"name":"(anonymous_0)","decl":{"start":{"line":12,"column":34},"end":{"line":12,"column":35}},"loc":{"start":{"line":12,"column":71},"end":{"line":20,"column":1}},"line":12},"1":{"name":"(anonymous_1)","decl":{"start":{"line":14,"column":24},"end":{"line":14,"column":25}},"loc":{"start":{"line":14,"column":54},"end":{"line":16,"column":9}},"line":14},"2":{"name":"(anonymous_2)","decl":{"start":{"line":26,"column":16},"end":{"line":26,"column":17}},"loc":{"start":{"line":26,"column":29},"end":{"line":29,"column":1}},"line":26},"3":{"name":"(anonymous_3)","decl":{"start":{"line":27,"column":31},"end":{"line":27,"column":32}},"loc":{"start":{"line":27,"column":39},"end":{"line":27,"column":67}},"line":27},"4":{"name":"(anonymous_4)","decl":{"start":{"line":34,"column":27},"end":{"line":34,"column":28}},"loc":{"start":{"line":34,"column":60},"end":{"line":38,"column":1}},"line":34},"5":{"name":"(anonymous_5)","decl":{"start":{"line":35,"column":38},"end":{"line":35,"column":39}},"loc":{"start":{"line":35,"column":46},"end":{"line":35,"column":77}},"line":35}},"branchMap":{"0":{"loc":{"start":{"line":13,"column":4},"end":{"line":18,"column":5}},"type":"if","locations":[{"start":{"line":13,"column":4},"end":{"line":18,"column":5}},{"start":{"line":13,"column":4},"end":{"line":18,"column":5}}],"line":13},"1":{"loc":{"start":{"line":36,"column":4},"end":{"line":37,"column":22}},"type":"if","locations":[{"start":{"line":36,"column":4},"end":{"line":37,"column":22}},{"start":{"line":36,"column":4},"end":{"line":37,"column":22}}],"line":36}},"s":{"0":1,"1":1,"2":1,"3":2,"4":1,"5":1,"6":1,"7":1,"8":1,"9":1,"10":2,"11":6,"12":2,"13":0,"14":2},"f":{"0":1,"1":2,"2":1,"3":1,"4":2,"5":6},"b":{"0":[1,0],"1":[0,2]},"_coverageSchema":"1a1c01bbd47fc00a2c39e90264f33305004495a9","hash":"a43152951a1d220a11a341f8b886e8405e245780"}
,"D:\\Java\\Brain\\src\\api\\fetch\\fetchData.js": {"path":"D:\\Java\\Brain\\src\\api\\fetch\\fetchData.js","statementMap":{"0":{"start":{"line":10,"column":15},"end":{"line":10,"column":17}},"1":{"start":{"line":11,"column":4},"end":{"line":32,"column":5}},"2":{"start":{"line":12,"column":23},"end":{"line":12,"column":27}},"3":{"start":{"line":17,"column":8},"end":{"line":18,"column":78}},"4":{"start":{"line":17,"column":35},"end":{"line":17,"column":84}},"5":{"start":{"line":18,"column":13},"end":{"line":18,"column":78}},"6":{"start":{"line":21,"column":8},"end":{"line":21,"column":43}},"7":{"start":{"line":22,"column":8},"end":{"line":22,"column":37}},"8":{"start":{"line":24,"column":8},"end":{"line":24,"column":48}},"9":{"start":{"line":26,"column":8},"end":{"line":26,"column":20}},"10":{"start":{"line":29,"column":8},"end":{"line":29,"column":62}},"11":{"start":{"line":31,"column":8},"end":{"line":31,"column":21}},"12":{"start":{"line":39,"column":22},"end":{"line":45,"column":1}},"13":{"start":{"line":41,"column":4},"end":{"line":43,"column":38}},"14":{"start":{"line":41,"column":28},"end":{"line":41,"column":57}},"15":{"start":{"line":43,"column":9},"end":{"line":43,"column":38}},"16":{"start":{"line":44,"column":4},"end":{"line":44,"column":20}}},"fnMap":{"0":{"name":"fetchData","decl":{"start":{"line":9,"column":22},"end":{"line":9,"column":31}},"loc":{"start":{"line":9,"column":59},"end":{"line":33,"column":1}},"line":9},"1":{"name":"(anonymous_1)","decl":{"start":{"line":39,"column":22},"end":{"line":39,"column":23}},"loc":{"start":{"line":39,"column":36},"end":{"line":45,"column":1}},"line":39}},"branchMap":{"0":{"loc":{"start":{"line":17,"column":8},"end":{"line":18,"column":78}},"type":"if","locations":[{"start":{"line":17,"column":8},"end":{"line":18,"column":78}},{"start":{"line":17,"column":8},"end":{"line":18,"column":78}}],"line":17},"1":{"loc":{"start":{"line":41,"column":4},"end":{"line":43,"column":38}},"type":"if","locations":[{"start":{"line":41,"column":4},"end":{"line":43,"column":38}},{"start":{"line":41,"column":4},"end":{"line":43,"column":38}}],"line":41}},"s":{"0":11,"1":11,"2":11,"3":11,"4":6,"5":5,"6":11,"7":11,"8":10,"9":10,"10":1,"11":1,"12":4,"13":11,"14":8,"15":3,"16":11},"f":{"0":11,"1":11},"b":{"0":[6,5],"1":[8,3]},"_coverageSchema":"1a1c01bbd47fc00a2c39e90264f33305004495a9","hash":"1b0e4eaa19a97ed63f82a8d2795cb9cb2ad21388"}
,"D:\\Java\\Brain\\src\\api\\fetch\\middleWareFetch.js": {"path":"D:\\Java\\Brain\\src\\api\\fetch\\middleWareFetch.js","statementMap":{"0":{"start":{"line":10,"column":31},"end":{"line":33,"column":1}},"1":{"start":{"line":12,"column":4},"end":{"line":12,"column":63}},"2":{"start":{"line":17,"column":4},"end":{"line":28,"column":5}},"3":{"start":{"line":17,"column":21},"end":{"line":17,"column":22}},"4":{"start":{"line":19,"column":8},"end":{"line":19,"column":75}},"5":{"start":{"line":20,"column":8},"end":{"line":20,"column":49}},"6":{"start":{"line":21,"column":8},"end":{"line":21,"column":51}},"7":{"start":{"line":24,"column":8},"end":{"line":26,"column":24}},"8":{"start":{"line":25,"column":12},"end":{"line":25,"column":50}},"9":{"start":{"line":26,"column":14},"end":{"line":26,"column":24}},"10":{"start":{"line":29,"column":4},"end":{"line":29,"column":67}},"11":{"start":{"line":30,"column":4},"end":{"line":30,"column":71}},"12":{"start":{"line":32,"column":4},"end":{"line":32,"column":16}},"13":{"start":{"line":41,"column":25},"end":{"line":41,"column":34}},"14":{"start":{"line":42,"column":19},"end":{"line":42,"column":33}},"15":{"start":{"line":43,"column":4},"end":{"line":51,"column":5}},"16":{"start":{"line":44,"column":25},"end":{"line":44,"column":90}},"17":{"start":{"line":45,"column":8},"end":{"line":45,"column":65}},"18":{"start":{"line":48,"column":8},"end":{"line":48,"column":72}},"19":{"start":{"line":54,"column":4},"end":{"line":54,"column":26}}},"fnMap":{"0":{"name":"(anonymous_0)","decl":{"start":{"line":10,"column":31},"end":{"line":10,"column":32}},"loc":{"start":{"line":10,"column":90},"end":{"line":33,"column":1}},"line":10},"1":{"name":"getStatusResponse","decl":{"start":{"line":37,"column":16},"end":{"line":37,"column":33}},"loc":{"start":{"line":37,"column":40},"end":{"line":55,"column":1}},"line":37}},"branchMap":{"0":{"loc":{"start":{"line":24,"column":8},"end":{"line":26,"column":24}},"type":"if","locations":[{"start":{"line":24,"column":8},"end":{"line":26,"column":24}},{"start":{"line":24,"column":8},"end":{"line":26,"column":24}}],"line":24},"1":{"loc":{"start":{"line":24,"column":12},"end":{"line":24,"column":106}},"type":"binary-expr","locations":[{"start":{"line":24,"column":12},"end":{"line":24,"column":52}},{"start":{"line":24,"column":56},"end":{"line":24,"column":75}},{"start":{"line":24,"column":79},"end":{"line":24,"column":106}}],"line":24},"2":{"loc":{"start":{"line":43,"column":4},"end":{"line":51,"column":5}},"type":"if","locations":[{"start":{"line":43,"column":4},"end":{"line":51,"column":5}},{"start":{"line":43,"column":4},"end":{"line":51,"column":5}}],"line":43},"3":{"loc":{"start":{"line":43,"column":8},"end":{"line":43,"column":61}},"type":"binary-expr","locations":[{"start":{"line":43,"column":8},"end":{"line":43,"column":36}},{"start":{"line":43,"column":41},"end":{"line":43,"column":60}}],"line":43}},"s":{"0":3,"1":4,"2":4,"3":4,"4":5,"5":5,"6":5,"7":5,"8":2,"9":3,"10":4,"11":4,"12":4,"13":8,"14":8,"15":8,"16":4,"17":4,"18":4,"19":8},"f":{"0":4,"1":8},"b":{"0":[2,3],"1":[5,3,3],"2":[4,4],"3":[8,4]},"_coverageSchema":"1a1c01bbd47fc00a2c39e90264f33305004495a9","hash":"33062f0f99358d6a4d0bfb0e9712347881810e5c"}
,"D:\\Java\\Brain\\src\\api\\sid\\sid.js": {"path":"D:\\Java\\Brain\\src\\api\\sid\\sid.js","statementMap":{"0":{"start":{"line":9,"column":22},"end":{"line":22,"column":1}},"1":{"start":{"line":10,"column":15},"end":{"line":10,"column":66}},"2":{"start":{"line":11,"column":21},"end":{"line":11,"column":58}},"3":{"start":{"line":13,"column":4},"end":{"line":13,"column":40}},"4":{"start":{"line":17,"column":4},"end":{"line":17,"column":47}},"5":{"start":{"line":18,"column":4},"end":{"line":18,"column":59}},"6":{"start":{"line":21,"column":4},"end":{"line":21,"column":22}}},"fnMap":{"0":{"name":"(anonymous_0)","decl":{"start":{"line":9,"column":22},"end":{"line":9,"column":23}},"loc":{"start":{"line":9,"column":42},"end":{"line":22,"column":1}},"line":9}},"branchMap":{},"s":{"0":4,"1":3,"2":3,"3":3,"4":3,"5":3,"6":3},"f":{"0":3},"b":{},"_coverageSchema":"1a1c01bbd47fc00a2c39e90264f33305004495a9","hash":"1fdcd3e39424e2ef2e852b9fa79b890675dbf838"}
,"D:\\Java\\Brain\\src\\api\\sid\\timeStamp.js": {"path":"D:\\Java\\Brain\\src\\api\\sid\\timeStamp.js","statementMap":{"0":{"start":{"line":7,"column":33},"end":{"line":11,"column":1}},"1":{"start":{"line":9,"column":4},"end":{"line":9,"column":41}},"2":{"start":{"line":10,"column":4},"end":{"line":10,"column":22}},"3":{"start":{"line":14,"column":20},"end":{"line":17,"column":1}},"4":{"start":{"line":16,"column":4},"end":{"line":16,"column":32}}},"fnMap":{"0":{"name":"(anonymous_0)","decl":{"start":{"line":7,"column":33},"end":{"line":7,"column":34}},"loc":{"start":{"line":7,"column":49},"end":{"line":11,"column":1}},"line":7},"1":{"name":"(anonymous_1)","decl":{"start":{"line":14,"column":20},"end":{"line":14,"column":21}},"loc":{"start":{"line":14,"column":26},"end":{"line":17,"column":1}},"line":14}},"branchMap":{},"s":{"0":5,"1":4,"2":4,"3":5,"4":4},"f":{"0":4,"1":4},"b":{},"_coverageSchema":"1a1c01bbd47fc00a2c39e90264f33305004495a9","hash":"7b70b8df88cd255a64e2ef345b951c5463f8a667"}
,"D:\\Java\\Brain\\src\\components\\AlertMessageCmp.js": {"path":"D:\\Java\\Brain\\src\\components\\AlertMessageCmp.js","statementMap":{"0":{"start":{"line":4,"column":31},"end":{"line":11,"column":1}},"1":{"start":{"line":5,"column":4},"end":{"line":10,"column":5}},"2":{"start":{"line":15,"column":15},"end":{"line":29,"column":2}}},"fnMap":{"0":{"name":"(anonymous_0)","decl":{"start":{"line":4,"column":31},"end":{"line":4,"column":32}},"loc":{"start":{"line":4,"column":46},"end":{"line":11,"column":1}},"line":4}},"branchMap":{},"s":{"0":1,"1":1,"2":1},"f":{"0":1},"b":{},"_coverageSchema":"1a1c01bbd47fc00a2c39e90264f33305004495a9","hash":"0f63ac07bc1c711dca6b9fe61c235fd566af7f1a"}
,"D:\\Java\\Brain\\src\\components\\HeaderCmp.js": {"path":"D:\\Java\\Brain\\src\\components\\HeaderCmp.js","statementMap":{"0":{"start":{"line":7,"column":25},"end":{"line":44,"column":1}},"1":{"start":{"line":9,"column":4},"end":{"line":43,"column":5}},"2":{"start":{"line":12,"column":33},"end":{"line":12,"column":42}},"3":{"start":{"line":33,"column":33},"end":{"line":33,"column":42}},"4":{"start":{"line":47,"column":19},"end":{"line":47,"column":21}},"5":{"start":{"line":48,"column":15},"end":{"line":72,"column":2}}},"fnMap":{"0":{"name":"(anonymous_0)","decl":{"start":{"line":7,"column":25},"end":{"line":7,"column":26}},"loc":{"start":{"line":7,"column":38},"end":{"line":44,"column":1}},"line":7},"1":{"name":"(anonymous_1)","decl":{"start":{"line":12,"column":25},"end":{"line":12,"column":26}},"loc":{"start":{"line":12,"column":31},"end":{"line":12,"column":44}},"line":12},"2":{"name":"(anonymous_2)","decl":{"start":{"line":33,"column":25},"end":{"line":33,"column":26}},"loc":{"start":{"line":33,"column":31},"end":{"line":33,"column":44}},"line":33}},"branchMap":{},"s":{"0":1,"1":1,"2":0,"3":0,"4":1,"5":1},"f":{"0":1,"1":0,"2":0},"b":{},"_coverageSchema":"1a1c01bbd47fc00a2c39e90264f33305004495a9","hash":"badb5babdce5fd6beab6b15d1997d8604c7cdff9"}
,"D:\\Java\\Brain\\src\\constants\\authorizConst.js": {"path":"D:\\Java\\Brain\\src\\constants\\authorizConst.js","statementMap":{"0":{"start":{"line":6,"column":23},"end":{"line":6,"column":57}},"1":{"start":{"line":9,"column":21},"end":{"line":9,"column":41}},"2":{"start":{"line":10,"column":23},"end":{"line":10,"column":57}},"3":{"start":{"line":11,"column":25},"end":{"line":11,"column":66}},"4":{"start":{"line":13,"column":35},"end":{"line":17,"column":1}}},"fnMap":{},"branchMap":{},"s":{"0":4,"1":4,"2":4,"3":4,"4":4},"f":{},"b":{},"_coverageSchema":"1a1c01bbd47fc00a2c39e90264f33305004495a9","hash":"4e18cc904f525b83d640b986507282114b19a331"}
,"D:\\Java\\Brain\\src\\constants\\errorConst.js": {"path":"D:\\Java\\Brain\\src\\constants\\errorConst.js","statementMap":{"0":{"start":{"line":6,"column":26},"end":{"line":6,"column":33}},"1":{"start":{"line":8,"column":25},"end":{"line":8,"column":82}},"2":{"start":{"line":10,"column":31},"end":{"line":22,"column":83}}},"fnMap":{},"branchMap":{},"s":{"0":3,"1":3,"2":3},"f":{},"b":{},"_coverageSchema":"1a1c01bbd47fc00a2c39e90264f33305004495a9","hash":"f80c05eeb501beb4798fbfda7cfe70e0ca052d56"}
,"D:\\Java\\Brain\\src\\constants\\headerConst.js": {"path":"D:\\Java\\Brain\\src\\constants\\headerConst.js","statementMap":{"0":{"start":{"line":5,"column":38},"end":{"line":5,"column":45}},"1":{"start":{"line":6,"column":27},"end":{"line":8,"column":51}}},"fnMap":{},"branchMap":{},"s":{"0":1,"1":1},"f":{},"b":{},"_coverageSchema":"1a1c01bbd47fc00a2c39e90264f33305004495a9","hash":"9d59808ce212fa6e9d91fccf25a9139fa6758477"}
,"D:\\Java\\Brain\\src\\constants\\otherConst.js": {"path":"D:\\Java\\Brain\\src\\constants\\otherConst.js","statementMap":{"0":{"start":{"line":7,"column":28},"end":{"line":7,"column":58}},"1":{"start":{"line":8,"column":29},"end":{"line":8,"column":60}}},"fnMap":{},"branchMap":{},"s":{"0":1,"1":1},"f":{},"b":{},"_coverageSchema":"1a1c01bbd47fc00a2c39e90264f33305004495a9","hash":"cfcde9067385e433d96f78abd63e0170edee978e"}
,"D:\\Java\\Brain\\src\\constants\\urlConst.js": {"path":"D:\\Java\\Brain\\src\\constants\\urlConst.js","statementMap":{"0":{"start":{"line":8,"column":28},"end":{"line":8,"column":66}},"1":{"start":{"line":9,"column":13},"end":{"line":9,"column":20}},"2":{"start":{"line":20,"column":29},"end":{"line":20,"column":62}},"3":{"start":{"line":24,"column":32},"end":{"line":24,"column":72}},"4":{"start":{"line":32,"column":36},"end":{"line":32,"column":65}}},"fnMap":{},"branchMap":{},"s":{"0":4,"1":4,"2":4,"3":4,"4":4},"f":{},"b":{},"_coverageSchema":"1a1c01bbd47fc00a2c39e90264f33305004495a9","hash":"4337bf86e86b85067c5e774982b314881b436ea7"}
,"D:\\Java\\Brain\\src\\icons\\filter.png": {"path":"D:\\Java\\Brain\\src\\icons\\filter.png","statementMap":{"0":{"start":{"line":1,"column":0},"end":{"line":4,"column":6}}},"fnMap":{},"branchMap":{},"s":{"0":1},"f":{},"b":{},"inputSourceMap":null,"_coverageSchema":"1a1c01bbd47fc00a2c39e90264f33305004495a9","hash":"a43f5ddccf192733b3a66b029b409e277f6068b7"}
,"D:\\Java\\Brain\\src\\icons\\menu.png": {"path":"D:\\Java\\Brain\\src\\icons\\menu.png","statementMap":{"0":{"start":{"line":1,"column":0},"end":{"line":4,"column":6}}},"fnMap":{},"branchMap":{},"s":{"0":1},"f":{},"b":{},"inputSourceMap":null,"_coverageSchema":"1a1c01bbd47fc00a2c39e90264f33305004495a9","hash":"b3b7e4f2a0053ee1cc964d1dda94576ae10f61de"}
}
