TN:
SF:src\api\filter\filter.js
FN:3,(anonymous_0)
FN:13,(anonymous_1)
FN:18,(anonymous_2)
FN:33,(anonymous_3)
FN:46,(anonymous_4)
FN:55,(anonymous_5)
FN:63,(anonymous_6)
FN:71,(anonymous_7)
FN:85,(anonymous_8)
FN:87,(anonymous_9)
FNF:10
FNH:10
FNDA:2,(anonymous_0)
FNDA:2,(anonymous_1)
FNDA:5,(anonymous_2)
FNDA:7,(anonymous_3)
FNDA:9,(anonymous_4)
FNDA:7,(anonymous_5)
FNDA:2,(anonymous_6)
FNDA:6,(anonymous_7)
FNDA:3,(anonymous_8)
FNDA:6,(anonymous_9)
DA:3,1
DA:5,2
DA:6,2
DA:7,2
DA:8,2
DA:13,1
DA:14,2
DA:18,1
DA:20,5
DA:21,5
DA:23,5
DA:25,5
DA:26,5
DA:33,1
DA:34,7
DA:35,7
DA:36,2
DA:37,1
DA:38,7
DA:46,1
DA:48,9
DA:50,3
DA:55,1
DA:56,7
DA:57,7
DA:63,1
DA:65,2
DA:67,1
DA:68,1
DA:69,1
DA:71,1
DA:72,6
DA:73,6
DA:74,6
DA:76,1
DA:77,1
DA:78,1
DA:85,1
DA:86,3
DA:87,3
DA:88,6
DA:89,4
DA:92,3
LF:43
LH:43
BRDA:7,0,0,2
BRDA:7,0,1,1
BRDA:14,1,0,1
BRDA:14,1,1,1
BRDA:23,2,0,5
BRDA:23,2,1,1
BRDA:25,3,0,5
BRDA:25,3,1,1
BRDA:35,4,0,5
BRDA:35,4,1,2
BRDA:36,5,0,1
BRDA:36,5,1,1
BRDA:48,6,0,6
BRDA:48,6,1,3
BRDA:65,7,0,1
BRDA:65,7,1,1
BRDA:73,8,0,2
BRDA:73,8,1,4
BRDA:74,9,0,1
BRDA:74,9,1,5
BRDA:85,10,0,1
BRDA:88,11,0,4
BRDA:88,11,1,2
BRDA:88,12,0,6
BRDA:88,12,1,5
BRF:25
BRH:25
end_of_record
