TN:
SF:src\components\ViewListProdCmp.js
FN:7,(anonymous_0)
FN:24,(anonymous_1)
FN:35,(anonymous_2)
FN:36,(anonymous_3)
FN:39,(anonymous_4)
FN:40,(anonymous_5)
FNF:6
FNH:1
FNDA:0,(anonymous_0)
FNDA:2,(anonymous_1)
FNDA:0,(anonymous_2)
FNDA:0,(anonymous_3)
FNDA:0,(anonymous_4)
FNDA:0,(anonymous_5)
DA:7,1
DA:10,0
DA:24,1
DA:26,2
DA:29,2
DA:35,0
DA:36,0
DA:39,0
DA:40,0
DA:52,1
LF:10
LH:5
BRF:0
BRH:0
end_of_record
TN:
SF:src\constants\otherConst.js
FNF:0
FNH:0
DA:7,1
DA:8,1
LF:2
LH:2
BRF:0
BRH:0
end_of_record
TN:
SF:src\constants\productsConst.js
FNF:0
FNH:0
DA:6,1
DA:9,1
DA:19,1
DA:22,1
LF:4
LH:4
BRF:0
BRH:0
end_of_record
TN:
SF:src\constants\productsJSON.js
FNF:0
FNH:0
DA:10,1
LF:1
LH:1
BRF:0
BRH:0
end_of_record
